*** input/10.input.test
22 [16, 10, 15, 5, 1, 11, 7, 19, 6, 12, 4]
Part 1: 35
           1 19
          1 16
         1 15
        1 12
       1 11
       1 12
      2 10
     2 7
      2 7
     2 6
    4 5
    2 7
    2 6
   8 4
  8 1
 8 0
Part 2: 8
*** input/10.input.test2
52 [28, 33, 18, 42, 31, 14, 46, 20, 48, 47, 24, 23, 49, 45, 19, 38, 39, 11, 1, 32, 25, 35, 8, 17, 7, 9, 4, 2, 34, 10, 3]
Part 1: 220
                        1 49
                       1 48
                        1 48
                        1 49
                       2 47
                       1 49
                      4 46
                      1 48
                      2 47
                     7 45
                    7 42
                   7 39
                  7 38
                 7 35
                  7 35
                 7 34
                14 33
                 14 33
                 7 35
                 7 34
                28 32
                7 34
               49 31
              49 28
             49 25
            49 24
            49 25
           98 23
          98 20
           98 20
          98 19
         196 18
         98 20
         98 19
        392 17
       392 14
      392 11
       392 11
        392 11
       392 10
      784 9
      392 10
     1568 8
     784 9
     392 10
    2744 7
   2744 4
    2744 4
     2744 4
    2744 3
   5488 2
   2744 3
  10976 1
  5488 2
  2744 3
 19208 0
Part 2: 19208
*** input/10.input
174 [48, 171, 156, 51, 26, 6, 80, 62, 65, 82, 130, 97, 49, 31, 142, 83, 75, 20, 154, 119, 56, 114, 92, 33, 140, 74, 118, 1, 96, 44, 128, 134, 121, 64, 158, 27, 17, 101, 59, 12, 89, 88, 145, 167, 11, 3, 39, 43, 105, 16, 170, 63, 111, 2, 108, 21, 146, 77, 45, 52, 32, 127, 147, 76, 58, 37, 86, 129, 57, 133, 120, 163, 138, 161, 139, 71, 9, 141, 168, 164, 124, 157, 95, 25, 38, 69, 87, 155, 135, 15, 102, 70, 34, 42, 24, 50, 68, 169, 10, 55, 117, 30, 81, 151, 100, 162, 148]
Part 1: 2475
                                                                            1 171
                                                                           1 170
                                                                            1 171
                                                                            1 170
                                                                             1 171
                                                                             1 170
                                                                            2 169
                                                                           4 168
                                                                           2 169
                                                                          7 167
                                                                         7 164
                                                                        7 163
                                                                        7 164
                                                                         7 163
                                                                         7 164
                                                                        14 162
                                                                       28 161
                                                                      28 158
                                                                       28 158
                                                                      28 157
                                                                     56 156
                                                                     28 157
                                                                      56 156
                                                                      28 158
                                                                      28 157
                                                                     112 155
                                                                    196 154
                                                                   196 151
                                                                  196 148
                                                                 196 147
                                                                 196 148
                                                                392 146
                                                                196 147
                                                                196 148
                                                               784 145
                                                              784 142
                                                               784 142
                                                              784 141
                                                             1568 140
                                                              784 142
                                                              1568 140
                                                              784 141
                                                             3136 139
                                                             784 141
                                                            5488 138
                                                           5488 135
                                                          5488 134
                                                          5488 135
                                                         10976 133
                                                        10976 130
                                                         10976 130
                                                          10976 130
                                                         10976 129
                                                        21952 128
                                                        10976 129
                                                       43904 127
                                                      43904 124
                                                     43904 121
                                                      43904 121
                                                     43904 120
                                                    87808 119
                                                     87808 119
                                                     43904 121
                                                     43904 120
                                                    175616 118
                                                    43904 120
                                                   307328 117
                                                  307328 114
                                                 307328 111
                                                307328 108
                                               307328 105
                                              307328 102
                                             307328 101
                                             307328 102
                                            614656 100
                                           614656 97
                                            614656 97
                                           614656 96
                                          1229312 95
                                         1229312 92
                                        1229312 89
                                         1229312 89
                                        1229312 88
                                         1229312 89
                                         1229312 88
                                        2458624 87
                                       4917248 86
                                      4917248 83
                                     4917248 82
                                     4917248 83
                                      4917248 82
                                      4917248 83
                                     9834496 81
                                    19668992 80
                                   19668992 77
                                    19668992 77
                                   19668992 76
                                  39337984 75
                                  19668992 77
                                  19668992 76
                                 78675968 74
                                78675968 71
                                 78675968 71
                                  78675968 71
                                 78675968 70
                                157351936 69
                                78675968 70
                               314703872 68
                              314703872 65
                               314703872 65
                              314703872 64
                               314703872 65
                               314703872 64
                              629407744 63
                             1258815488 62
                            1258815488 59
                             1258815488 59
                            1258815488 58
                             1258815488 59
                             1258815488 58
                            2517630976 57
                           5035261952 56
                           1258815488 58
                           2517630976 57
                          8811708416 55
                         8811708416 52
                        8811708416 51
                         8811708416 51
                         8811708416 52
                          8811708416 51
                          8811708416 52
                         17623416832 50
                        35246833664 49
                        17623416832 50
                       61681958912 48
                      61681958912 45
                     61681958912 44
                      61681958912 44
                      61681958912 45
                     123363917824 43
                     61681958912 45
                    246727835648 42
                   246727835648 39
                    246727835648 39
                   246727835648 38
                  493455671296 37
                 493455671296 34
                493455671296 33
                 493455671296 33
                 493455671296 34
                986911342592 32
                493455671296 34
               1973822685184 31
               493455671296 33
               986911342592 32
              3454189699072 30
             3454189699072 27
            3454189699072 26
            3454189699072 27
             3454189699072 26
             3454189699072 27
            6908379398144 25
           13816758796288 24
          13816758796288 21
         13816758796288 20
        13816758796288 17
         13816758796288 17
        13816758796288 16
       27633517592576 15
      27633517592576 12
       27633517592576 12
      27633517592576 11
       27633517592576 12
       27633517592576 11
      55267035185152 10
     110534070370304 9
    110534070370304 6
   110534070370304 3
    110534070370304 3
   110534070370304 2
  221068140740608 1
  110534070370304 3
  110534070370304 2
 442136281481216 0
Part 2: 442136281481216
