
*** input/17.input.test ***
Dimensions: 3
Universe age: 0
z=0
.#.
..#
###

Universe age: 1
z=-1
#..
..#
.#.

z=0
#.#
.##
.#.

z=1
#..
..#
.#.

Universe age: 2
z=-2
.....
.....
..#..
.....
.....

z=-1
..#..
.#..#
....#
.#...
.....

z=0
##...
##...
#....
....#
.###.

z=1
..#..
.#..#
....#
.#...
.....

z=2
.....
.....
..#..
.....
.....

Universe age: 3
z=-2
.......
.......
..##...
..###..
.......
.......
.......

z=-1
..#....
...#...
#......
.....##
.#...#.
..#.#..
...#...

z=0
...#...
.......
#......
.......
.....##
.##.#..
...#...

z=1
..#....
...#...
#......
.....##
.#...#.
..#.#..
...#...

z=2
.......
.......
..##...
..###..
.......
.......
.......

Universe age: 4
z=-3
.........
.........
.........
.....#...
.....#...
....#....
.........
.........
.........

z=-2
.........
.........
..#......
..#...#..
.......#.
..#....#.
...###...
....#....
.........

z=-1
.........
...##....
.....#...
......#..
.#.......
.........
.......#.
..#......
.........

z=0
...##....
.....#...
##...#...
###......
#.......#
.#......#
.#.......
......#..
...###...

z=1
.........
...##....
.....#...
......#..
.#.......
.........
.......#.
..#......
.........

z=2
.........
.........
..#......
..#...#..
.......#.
..#....#.
...###...
....#....
.........

z=3
.........
.........
.........
.....#...
.....#...
....#....
.........
.........
.........

Universe age: 5
z=-4
..........
..........
..........
..........
.....##...
..........
..........
..........
..........
..........

z=-3
..........
..........
..........
......#...
....###.#.
..........
..........
....#.#...
..........
..........

z=-2
..........
....##....
...#......
..##.#..#.
..####..#.
...#....##
...#..##..
.....##...
..........
..........

z=-1
......#...
..#....#..
..........
#...#.....
....#.....
....##....
........##
...#......
..........
.....#....

z=0
...#......
..........
.#........
#....#..#.
..........
.........#
..#....#.#
..#..####.
...####...
.....#....

z=1
......#...
..#....#..
..........
#...#.....
....#.....
....##....
........##
...#......
..........
.....#....

z=2
..........
....##....
...#......
..##.#..#.
..####..#.
...#....##
...#..##..
.....##...
..........
..........

z=3
..........
..........
..........
......#...
....###.#.
..........
..........
....#.#...
..........
..........

z=4
..........
..........
..........
..........
.....##...
..........
..........
..........
..........
..........

Universe age: 6
z=-4
............
............
............
.....#......
.....#......
.....#..#...
............
............
............
............
............

z=-3
............
.....#......
...#...#....
.........##.
............
............
....#....#..
.....#......
.......#....
............
............

z=-2
......##....
....####....
..#.....#...
..#......##.
..#.........
............
...#........
....#....#..
............
............
............

z=-1
....####....
...#..##....
.#......##..
.#.....####.
............
............
............
............
...#........
............
............

z=0
...##.......
..#.#.......
#..#.#####..
##..........
###....#....
.......##...
...#........
...........#
............
............
.....###....

z=1
....####....
...#..##....
.#......##..
.#.....####.
............
............
............
............
...#........
............
............

z=2
......##....
....####....
..#.....#...
..#......##.
..#.........
............
...#........
....#....#..
............
............
............

z=3
............
.....#......
...#...#....
.........##.
............
............
....#....#..
.....#......
.......#....
............
............

z=4
............
............
............
.....#......
.....#......
.....#..#...
............
............
............
............
............

112 cells at age 6

*** input/17.input ***
Dimensions: 3
247 cells at age 6

*** input/17.input.test ***
Dimensions: 4
Universe age: 0
z=0, w=0
.#.
..#
###

Universe age: 1
z=-1, w=-1
#..
..#
.#.

z=-1, w=0
#..
..#
.#.

z=-1, w=1
#..
..#
.#.

z=0, w=-1
#..
..#
.#.

z=0, w=0
#.#
.##
.#.

z=0, w=1
#..
..#
.#.

z=1, w=-1
#..
..#
.#.

z=1, w=0
#..
..#
.#.

z=1, w=1
#..
..#
.#.

Universe age: 2
z=-2, w=-2
.....
.....
..#..
.....
.....

z=-2, w=-1
.....
.....
.....
.....
.....

z=-2, w=0
###..
##.##
#...#
.#..#
.###.

z=-2, w=1
.....
.....
.....
.....
.....

z=-2, w=2
.....
.....
..#..
.....
.....

z=-1, w=-2
.....
.....
.....
.....
.....

z=-1, w=-1
.....
.....
.....
.....
.....

z=-1, w=0
.....
.....
.....
.....
.....

z=-1, w=1
.....
.....
.....
.....
.....

z=-1, w=2
.....
.....
.....
.....
.....

z=0, w=-2
###..
##.##
#...#
.#..#
.###.

z=0, w=-1
.....
.....
.....
.....
.....

z=0, w=0
.....
.....
.....
.....
.....

z=0, w=1
.....
.....
.....
.....
.....

z=0, w=2
###..
##.##
#...#
.#..#
.###.

z=1, w=-2
.....
.....
.....
.....
.....

z=1, w=-1
.....
.....
.....
.....
.....

z=1, w=0
.....
.....
.....
.....
.....

z=1, w=1
.....
.....
.....
.....
.....

z=1, w=2
.....
.....
.....
.....
.....

z=2, w=-2
.....
.....
..#..
.....
.....

z=2, w=-1
.....
.....
.....
.....
.....

z=2, w=0
###..
##.##
#...#
.#..#
.###.

z=2, w=1
.....
.....
.....
.....
.....

z=2, w=2
.....
.....
..#..
.....
.....

Universe age: 3
z=-3, w=-3
.......
.......
.......
.......
.......
.......
.......

z=-3, w=-2
.......
.......
.......
.......
.......
.......
.......

z=-3, w=-1
..#....
....#..
#....#.
......#
.#...#.
..#.#..
...#...

z=-3, w=0
..#....
....#..
#....#.
...#..#
.#...#.
..#.#..
...#...

z=-3, w=1
..#....
....#..
#....#.
......#
.#...#.
..#.#..
...#...

z=-3, w=2
.......
.......
.......
.......
.......
.......
.......

z=-3, w=3
.......
.......
.......
.......
.......
.......
.......

z=-2, w=-3
.......
.......
.......
.......
.......
.......
.......

z=-2, w=-2
.......
.......
.......
.......
.......
.......
.......

z=-2, w=-1
..#....
....#..
#....#.
......#
.#...#.
..#.#..
...#...

z=-2, w=0
..#....
.#.##..
#...##.
.#.#.##
.##..#.
..###..
...#...

z=-2, w=1
..#....
....#..
#....#.
......#
.#...#.
..#.#..
...#...

z=-2, w=2
.......
.......
.......
.......
.......
.......
.......

z=-2, w=3
.......
.......
.......
.......
.......
.......
.......

z=-1, w=-3
..#....
....#..
#....#.
......#
.#...#.
..#.#..
...#...

z=-1, w=-2
..#....
....#..
#....#.
......#
.#...#.
..#.#..
...#...

z=-1, w=-1
.......
.......
.......
.......
.......
.......
.......

z=-1, w=0
..#....
....#..
#....#.
...#..#
.#...#.
..#.#..
...#...

z=-1, w=1
.......
.......
.......
.......
.......
.......
.......

z=-1, w=2
..#....
....#..
#....#.
......#
.#...#.
..#.#..
...#...

z=-1, w=3
..#....
....#..
#....#.
......#
.#...#.
..#.#..
...#...

z=0, w=-3
..#....
....#..
#....#.
...#..#
.#...#.
..#.#..
...#...

z=0, w=-2
..#....
.#.##..
#...##.
.#.#.##
.##..#.
..###..
...#...

z=0, w=-1
..#....
....#..
#....#.
...#..#
.#...#.
..#.#..
...#...

z=0, w=0
.......
.......
.......
.......
.......
.......
.......

z=0, w=1
..#....
....#..
#....#.
...#..#
.#...#.
..#.#..
...#...

z=0, w=2
..#....
.#.##..
#...##.
.#.#.##
.##..#.
..###..
...#...

z=0, w=3
..#....
....#..
#....#.
...#..#
.#...#.
..#.#..
...#...

z=1, w=-3
..#....
....#..
#....#.
......#
.#...#.
..#.#..
...#...

z=1, w=-2
..#....
....#..
#....#.
......#
.#...#.
..#.#..
...#...

z=1, w=-1
.......
.......
.......
.......
.......
.......
.......

z=1, w=0
..#....
....#..
#....#.
...#..#
.#...#.
..#.#..
...#...

z=1, w=1
.......
.......
.......
.......
.......
.......
.......

z=1, w=2
..#....
....#..
#....#.
......#
.#...#.
..#.#..
...#...

z=1, w=3
..#....
....#..
#....#.
......#
.#...#.
..#.#..
...#...

z=2, w=-3
.......
.......
.......
.......
.......
.......
.......

z=2, w=-2
.......
.......
.......
.......
.......
.......
.......

z=2, w=-1
..#....
....#..
#....#.
......#
.#...#.
..#.#..
...#...

z=2, w=0
..#....
.#.##..
#...##.
.#.#.##
.##..#.
..###..
...#...

z=2, w=1
..#....
....#..
#....#.
......#
.#...#.
..#.#..
...#...

z=2, w=2
.......
.......
.......
.......
.......
.......
.......

z=2, w=3
.......
.......
.......
.......
.......
.......
.......

z=3, w=-3
.......
.......
.......
.......
.......
.......
.......

z=3, w=-2
.......
.......
.......
.......
.......
.......
.......

z=3, w=-1
..#....
....#..
#....#.
......#
.#...#.
..#.#..
...#...

z=3, w=0
..#....
....#..
#....#.
...#..#
.#...#.
..#.#..
...#...

z=3, w=1
..#....
....#..
#....#.
......#
.#...#.
..#.#..
...#...

z=3, w=2
.......
.......
.......
.......
.......
.......
.......

z=3, w=3
.......
.......
.......
.......
.......
.......
.......

Universe age: 4
z=-4, w=-4
.........
.........
.........
.........
.........
.........
.........
.........
.........

z=-4, w=-3
.........
.........
.........
.........
.........
.........
.........
.........
.........

z=-4, w=-2
.........
.........
.........
......#..
......##.
......#..
...###...
....#....
.........

z=-4, w=-1
.........
.........
.........
....#....
...#.....
.........
.........
.........
.........

z=-4, w=0
..###....
..##.##..
##.#...#.
###.....#
#.......#
.#......#
.#.....#.
..#...#..
...###...

z=-4, w=1
.........
.........
.........
....#....
...#.....
.........
.........
.........
.........

z=-4, w=2
.........
.........
.........
......#..
......##.
......#..
...###...
....#....
.........

z=-4, w=3
.........
.........
.........
.........
.........
.........
.........
.........
.........

z=-4, w=4
.........
.........
.........
.........
.........
.........
.........
.........
.........

z=-3, w=-4
.........
.........
.........
.........
.........
.........
.........
.........
.........

z=-3, w=-3
.........
.........
.........
.........
.........
.........
.........
.........
.........

z=-3, w=-2
.........
.........
.........
.........
.........
.........
.........
.........
.........

z=-3, w=-1
.........
.........
.........
.........
.........
.........
.........
.........
.........

z=-3, w=0
.........
.........
.........
.........
....#....
.........
.........
.........
.........

z=-3, w=1
.........
.........
.........
.........
.........
.........
.........
.........
.........

z=-3, w=2
.........
.........
.........
.........
.........
.........
.........
.........
.........

z=-3, w=3
.........
.........
.........
.........
.........
.........
.........
.........
.........

z=-3, w=4
.........
.........
.........
.........
.........
.........
.........
.........
.........

z=-2, w=-4
.........
.........
.........
......#..
......##.
......#..
...###...
....#....
.........

z=-2, w=-3
.........
.........
.........
.........
.........
.........
.........
.........
.........

z=-2, w=-2
.........
.........
.........
.........
.........
.........
.........
.........
.........

z=-2, w=-1
.........
.........
.........
.........
.........
.........
.........
.........
.........

z=-2, w=0
.........
.........
.........
.........
.........
.........
.........
.........
.........

z=-2, w=1
.........
.........
.........
.........
.........
.........
.........
.........
.........

z=-2, w=2
.........
.........
.........
.........
.........
.........
.........
.........
.........

z=-2, w=3
.........
.........
.........
.........
.........
.........
.........
.........
.........

z=-2, w=4
.........
.........
.........
......#..
......##.
......#..
...###...
....#....
.........

z=-1, w=-4
.........
.........
.........
....#....
...#.....
.........
.........
.........
.........

z=-1, w=-3
.........
.........
.........
.........
.........
.........
.........
.........
.........

z=-1, w=-2
.........
.........
.........
.........
.........
.........
.........
.........
.........

z=-1, w=-1
.........
.........
.........
.........
.........
.........
.........
.........
.........

z=-1, w=0
.........
.........
.........
.........
.........
.........
.........
.........
.........

z=-1, w=1
.........
.........
.........
.........
.........
.........
.........
.........
.........

z=-1, w=2
.........
.........
.........
.........
.........
.........
.........
.........
.........

z=-1, w=3
.........
.........
.........
.........
.........
.........
.........
.........
.........

z=-1, w=4
.........
.........
.........
....#....
...#.....
.........
.........
.........
.........

z=0, w=-4
..###....
..##.##..
##.#...#.
###.....#
#.......#
.#......#
.#.....#.
..#...#..
...###...

z=0, w=-3
.........
.........
.........
.........
....#....
.........
.........
.........
.........

z=0, w=-2
.........
.........
.........
.........
.........
.........
.........
.........
.........

z=0, w=-1
.........
.........
.........
.........
.........
.........
.........
.........
.........

z=0, w=0
.........
.........
.........
.........
.........
.........
.........
.........
.........

z=0, w=1
.........
.........
.........
.........
.........
.........
.........
.........
.........

z=0, w=2
.........
.........
.........
.........
.........
.........
.........
.........
.........

z=0, w=3
.........
.........
.........
.........
....#....
.........
.........
.........
.........

z=0, w=4
..###....
..##.##..
##.#...#.
###.....#
#.......#
.#......#
.#.....#.
..#...#..
...###...

z=1, w=-4
.........
.........
.........
....#....
...#.....
.........
.........
.........
.........

z=1, w=-3
.........
.........
.........
.........
.........
.........
.........
.........
.........

z=1, w=-2
.........
.........
.........
.........
.........
.........
.........
.........
.........

z=1, w=-1
.........
.........
.........
.........
.........
.........
.........
.........
.........

z=1, w=0
.........
.........
.........
.........
.........
.........
.........
.........
.........

z=1, w=1
.........
.........
.........
.........
.........
.........
.........
.........
.........

z=1, w=2
.........
.........
.........
.........
.........
.........
.........
.........
.........

z=1, w=3
.........
.........
.........
.........
.........
.........
.........
.........
.........

z=1, w=4
.........
.........
.........
....#....
...#.....
.........
.........
.........
.........

z=2, w=-4
.........
.........
.........
......#..
......##.
......#..
...###...
....#....
.........

z=2, w=-3
.........
.........
.........
.........
.........
.........
.........
.........
.........

z=2, w=-2
.........
.........
.........
.........
.........
.........
.........
.........
.........

z=2, w=-1
.........
.........
.........
.........
.........
.........
.........
.........
.........

z=2, w=0
.........
.........
.........
.........
.........
.........
.........
.........
.........

z=2, w=1
.........
.........
.........
.........
.........
.........
.........
.........
.........

z=2, w=2
.........
.........
.........
.........
.........
.........
.........
.........
.........

z=2, w=3
.........
.........
.........
.........
.........
.........
.........
.........
.........

z=2, w=4
.........
.........
.........
......#..
......##.
......#..
...###...
....#....
.........

z=3, w=-4
.........
.........
.........
.........
.........
.........
.........
.........
.........

z=3, w=-3
.........
.........
.........
.........
.........
.........
.........
.........
.........

z=3, w=-2
.........
.........
.........
.........
.........
.........
.........
.........
.........

z=3, w=-1
.........
.........
.........
.........
.........
.........
.........
.........
.........

z=3, w=0
.........
.........
.........
.........
....#....
.........
.........
.........
.........

z=3, w=1
.........
.........
.........
.........
.........
.........
.........
.........
.........

z=3, w=2
.........
.........
.........
.........
.........
.........
.........
.........
.........

z=3, w=3
.........
.........
.........
.........
.........
.........
.........
.........
.........

z=3, w=4
.........
.........
.........
.........
.........
.........
.........
.........
.........

z=4, w=-4
.........
.........
.........
.........
.........
.........
.........
.........
.........

z=4, w=-3
.........
.........
.........
.........
.........
.........
.........
.........
.........

z=4, w=-2
.........
.........
.........
......#..
......##.
......#..
...###...
....#....
.........

z=4, w=-1
.........
.........
.........
....#....
...#.....
.........
.........
.........
.........

z=4, w=0
..###....
..##.##..
##.#...#.
###.....#
#.......#
.#......#
.#.....#.
..#...#..
...###...

z=4, w=1
.........
.........
.........
....#....
...#.....
.........
.........
.........
.........

z=4, w=2
.........
.........
.........
......#..
......##.
......#..
...###...
....#....
.........

z=4, w=3
.........
.........
.........
.........
.........
.........
.........
.........
.........

z=4, w=4
.........
.........
.........
.........
.........
.........
.........
.........
.........

Universe age: 5
z=-5, w=-5
...........
...........
...........
...........
...........
...........
...........
...........
...........
...........
...........

z=-5, w=-4
...........
...........
...........
...........
...........
...........
...........
...........
...........
...........
...........

z=-5, w=-3
...........
...........
...........
...........
.......##..
......#....
.....#..#..
....#......
....#.#....
...........
...........

z=-5, w=-2
...........
...........
...........
...........
......###..
...........
....#...#..
....#......
....#.#....
...........
...........

z=-5, w=-1
....#......
......#....
......##...
...........
#....##....
....#.....#
.##.#......
..#........
...........
...........
.....#.....

z=-5, w=0
....#......
......#....
......##...
.......##..
#.......##.
........###
.##.....##.
..##....#..
...#####...
....###....
.....#.....

z=-5, w=1
....#......
......#....
......##...
...........
#....##....
....#.....#
.##.#......
..#........
...........
...........
.....#.....

z=-5, w=2
...........
...........
...........
...........
......###..
...........
....#...#..
....#......
....#.#....
...........
...........

z=-5, w=3
...........
...........
...........
...........
.......##..
......#....
.....#..#..
....#......
....#.#....
...........
...........

z=-5, w=4
...........
...........
...........
...........
...........
...........
...........
...........
...........
...........
...........

z=-5, w=5
...........
...........
...........
...........
...........
...........
...........
...........
...........
...........
...........

z=-4, w=-5
...........
...........
...........
...........
...........
...........
...........
...........
...........
...........
...........

z=-4, w=-4
...........
...........
...........
...........
...........
...........
...........
...........
...........
...........
...........

z=-4, w=-3
...........
...........
...........
...........
.......##..
......#....
.....#..#..
....#......
....#.#....
...........
...........

z=-4, w=-2
...........
...........
...........
...........
......###..
.......##..
....#..##..
....###....
....###....
...........
...........

z=-4, w=-1
....#......
......#....
......##...
...........
#....#.....
....##....#
.##........
..#........
...........
...........
.....#.....

z=-4, w=0
....#......
...#.##....
......##...
.#.....##..
#.....#.##.
.#....#.###
.##.##..##.
..##....#..
...#####...
....###....
.....#.....

z=-4, w=1
....#......
......#....
......##...
...........
#....#.....
....##....#
.##........
..#........
...........
...........
.....#.....

z=-4, w=2
...........
...........
...........
...........
......###..
.......##..
....#..##..
....###....
....###....
...........
...........

z=-4, w=3
...........
...........
...........
...........
.......##..
......#....
.....#..#..
....#......
....#.#....
...........
...........

z=-4, w=4
...........
...........
...........
...........
...........
...........
...........
...........
...........
...........
...........

z=-4, w=5
...........
...........
...........
...........
...........
...........
...........
...........
...........
...........
...........

z=-3, w=-5
...........
...........
...........
...........
.......##..
......#....
.....#..#..
....#......
....#.#....
...........
...........

z=-3, w=-4
...........
...........
...........
...........
.......##..
......#....
.....#..#..
....#......
....#.#....
...........
...........

z=-3, w=-3
...........
...........
...........
...........
...........
...........
...........
...........
...........
...........
...........

z=-3, w=-2
...........
...........
...........
...........
......###..
...........
....#...#..
....#......
....#.#....
...........
...........

z=-3, w=-1
....#......
......#....
......##...
...........
#..........
.....#....#
.##........
..#........
...........
...........
.....#.....

z=-3, w=0
....#......
......#....
......##...
.......##..
#.....#.##.
......#.###
.##.##..##.
..##....#..
...#####...
....###....
.....#.....

z=-3, w=1
....#......
......#....
......##...
...........
#..........
.....#....#
.##........
..#........
...........
...........
.....#.....

z=-3, w=2
...........
...........
...........
...........
......###..
...........
....#...#..
....#......
....#.#....
...........
...........

z=-3, w=3
...........
...........
...........
...........
...........
...........
...........
...........
...........
...........
...........

z=-3, w=4
...........
...........
...........
...........
.......##..
......#....
.....#..#..
....#......
....#.#....
...........
...........

z=-3, w=5
...........
...........
...........
...........
.......##..
......#....
.....#..#..
....#......
....#.#....
...........
...........

z=-2, w=-5
...........
...........
...........
...........
......###..
...........
....#...#..
....#......
....#.#....
...........
...........

z=-2, w=-4
...........
...........
...........
...........
......###..
.......##..
....#..##..
....###....
....###....
...........
...........

z=-2, w=-3
...........
...........
...........
...........
......###..
...........
....#...#..
....#......
....#.#....
...........
...........

z=-2, w=-2
...........
...........
...........
...........
...........
...........
...........
...........
...........
...........
...........

z=-2, w=-1
...........
...........
...........
...........
...........
...........
...........
...........
...........
...........
...........

z=-2, w=0
...........
...........
...........
...........
...........
...........
...........
...........
...........
...........
...........

z=-2, w=1
...........
...........
...........
...........
...........
...........
...........
...........
...........
...........
...........

z=-2, w=2
...........
...........
...........
...........
...........
...........
...........
...........
...........
...........
...........

z=-2, w=3
...........
...........
...........
...........
......###..
...........
....#...#..
....#......
....#.#....
...........
...........

z=-2, w=4
...........
...........
...........
...........
......###..
.......##..
....#..##..
....###....
....###....
...........
...........

z=-2, w=5
...........
...........
...........
...........
......###..
...........
....#...#..
....#......
....#.#....
...........
...........

z=-1, w=-5
....#......
......#....
......##...
...........
#....##....
....#.....#
.##.#......
..#........
...........
...........
.....#.....

z=-1, w=-4
....#......
......#....
......##...
...........
#....#.....
....##....#
.##........
..#........
...........
...........
.....#.....

z=-1, w=-3
....#......
......#....
......##...
...........
#..........
.....#....#
.##........
..#........
...........
...........
.....#.....

z=-1, w=-2
...........
...........
...........
...........
...........
...........
...........
...........
...........
...........
...........

z=-1, w=-1
...........
...........
...........
...........
...........
...........
...........
...........
...........
...........
...........

z=-1, w=0
...........
...........
...........
...........
...........
...........
...........
...........
...........
...........
...........

z=-1, w=1
...........
...........
...........
...........
...........
...........
...........
...........
...........
...........
...........

z=-1, w=2
...........
...........
...........
...........
...........
...........
...........
...........
...........
...........
...........

z=-1, w=3
....#......
......#....
......##...
...........
#..........
.....#....#
.##........
..#........
...........
...........
.....#.....

z=-1, w=4
....#......
......#....
......##...
...........
#....#.....
....##....#
.##........
..#........
...........
...........
.....#.....

z=-1, w=5
....#......
......#....
......##...
...........
#....##....
....#.....#
.##.#......
..#........
...........
...........
.....#.....

z=0, w=-5
....#......
......#....
......##...
.......##..
#.......##.
........###
.##.....##.
..##....#..
...#####...
....###....
.....#.....

z=0, w=-4
....#......
...#.##....
......##...
.#.....##..
#.....#.##.
.#....#.###
.##.##..##.
..##....#..
...#####...
....###....
.....#.....

z=0, w=-3
....#......
......#....
......##...
.......##..
#.....#.##.
......#.###
.##.##..##.
..##....#..
...#####...
....###....
.....#.....

z=0, w=-2
...........
...........
...........
...........
...........
...........
...........
...........
...........
...........
...........

z=0, w=-1
...........
...........
...........
...........
...........
...........
...........
...........
...........
...........
...........

z=0, w=0
...........
...........
...........
...........
...........
...........
...........
...........
...........
...........
...........

z=0, w=1
...........
...........
...........
...........
...........
...........
...........
...........
...........
...........
...........

z=0, w=2
...........
...........
...........
...........
...........
...........
...........
...........
...........
...........
...........

z=0, w=3
....#......
......#....
......##...
.......##..
#.....#.##.
......#.###
.##.##..##.
..##....#..
...#####...
....###....
.....#.....

z=0, w=4
....#......
...#.##....
......##...
.#.....##..
#.....#.##.
.#....#.###
.##.##..##.
..##....#..
...#####...
....###....
.....#.....

z=0, w=5
....#......
......#....
......##...
.......##..
#.......##.
........###
.##.....##.
..##....#..
...#####...
....###....
.....#.....

z=1, w=-5
....#......
......#....
......##...
...........
#....##....
....#.....#
.##.#......
..#........
...........
...........
.....#.....

z=1, w=-4
....#......
......#....
......##...
...........
#....#.....
....##....#
.##........
..#........
...........
...........
.....#.....

z=1, w=-3
....#......
......#....
......##...
...........
#..........
.....#....#
.##........
..#........
...........
...........
.....#.....

z=1, w=-2
...........
...........
...........
...........
...........
...........
...........
...........
...........
...........
...........

z=1, w=-1
...........
...........
...........
...........
...........
...........
...........
...........
...........
...........
...........

z=1, w=0
...........
...........
...........
...........
...........
...........
...........
...........
...........
...........
...........

z=1, w=1
...........
...........
...........
...........
...........
...........
...........
...........
...........
...........
...........

z=1, w=2
...........
...........
...........
...........
...........
...........
...........
...........
...........
...........
...........

z=1, w=3
....#......
......#....
......##...
...........
#..........
.....#....#
.##........
..#........
...........
...........
.....#.....

z=1, w=4
....#......
......#....
......##...
...........
#....#.....
....##....#
.##........
..#........
...........
...........
.....#.....

z=1, w=5
....#......
......#....
......##...
...........
#....##....
....#.....#
.##.#......
..#........
...........
...........
.....#.....

z=2, w=-5
...........
...........
...........
...........
......###..
...........
....#...#..
....#......
....#.#....
...........
...........

z=2, w=-4
...........
...........
...........
...........
......###..
.......##..
....#..##..
....###....
....###....
...........
...........

z=2, w=-3
...........
...........
...........
...........
......###..
...........
....#...#..
....#......
....#.#....
...........
...........

z=2, w=-2
...........
...........
...........
...........
...........
...........
...........
...........
...........
...........
...........

z=2, w=-1
...........
...........
...........
...........
...........
...........
...........
...........
...........
...........
...........

z=2, w=0
...........
...........
...........
...........
...........
...........
...........
...........
...........
...........
...........

z=2, w=1
...........
...........
...........
...........
...........
...........
...........
...........
...........
...........
...........

z=2, w=2
...........
...........
...........
...........
...........
...........
...........
...........
...........
...........
...........

z=2, w=3
...........
...........
...........
...........
......###..
...........
....#...#..
....#......
....#.#....
...........
...........

z=2, w=4
...........
...........
...........
...........
......###..
.......##..
....#..##..
....###....
....###....
...........
...........

z=2, w=5
...........
...........
...........
...........
......###..
...........
....#...#..
....#......
....#.#....
...........
...........

z=3, w=-5
...........
...........
...........
...........
.......##..
......#....
.....#..#..
....#......
....#.#....
...........
...........

z=3, w=-4
...........
...........
...........
...........
.......##..
......#....
.....#..#..
....#......
....#.#....
...........
...........

z=3, w=-3
...........
...........
...........
...........
...........
...........
...........
...........
...........
...........
...........

z=3, w=-2
...........
...........
...........
...........
......###..
...........
....#...#..
....#......
....#.#....
...........
...........

z=3, w=-1
....#......
......#....
......##...
...........
#..........
.....#....#
.##........
..#........
...........
...........
.....#.....

z=3, w=0
....#......
......#....
......##...
.......##..
#.....#.##.
......#.###
.##.##..##.
..##....#..
...#####...
....###....
.....#.....

z=3, w=1
....#......
......#....
......##...
...........
#..........
.....#....#
.##........
..#........
...........
...........
.....#.....

z=3, w=2
...........
...........
...........
...........
......###..
...........
....#...#..
....#......
....#.#....
...........
...........

z=3, w=3
...........
...........
...........
...........
...........
...........
...........
...........
...........
...........
...........

z=3, w=4
...........
...........
...........
...........
.......##..
......#....
.....#..#..
....#......
....#.#....
...........
...........

z=3, w=5
...........
...........
...........
...........
.......##..
......#....
.....#..#..
....#......
....#.#....
...........
...........

z=4, w=-5
...........
...........
...........
...........
...........
...........
...........
...........
...........
...........
...........

z=4, w=-4
...........
...........
...........
...........
...........
...........
...........
...........
...........
...........
...........

z=4, w=-3
...........
...........
...........
...........
.......##..
......#....
.....#..#..
....#......
....#.#....
...........
...........

z=4, w=-2
...........
...........
...........
...........
......###..
.......##..
....#..##..
....###....
....###....
...........
...........

z=4, w=-1
....#......
......#....
......##...
...........
#....#.....
....##....#
.##........
..#........
...........
...........
.....#.....

z=4, w=0
....#......
...#.##....
......##...
.#.....##..
#.....#.##.
.#....#.###
.##.##..##.
..##....#..
...#####...
....###....
.....#.....

z=4, w=1
....#......
......#....
......##...
...........
#....#.....
....##....#
.##........
..#........
...........
...........
.....#.....

z=4, w=2
...........
...........
...........
...........
......###..
.......##..
....#..##..
....###....
....###....
...........
...........

z=4, w=3
...........
...........
...........
...........
.......##..
......#....
.....#..#..
....#......
....#.#....
...........
...........

z=4, w=4
...........
...........
...........
...........
...........
...........
...........
...........
...........
...........
...........

z=4, w=5
...........
...........
...........
...........
...........
...........
...........
...........
...........
...........
...........

z=5, w=-5
...........
...........
...........
...........
...........
...........
...........
...........
...........
...........
...........

z=5, w=-4
...........
...........
...........
...........
...........
...........
...........
...........
...........
...........
...........

z=5, w=-3
...........
...........
...........
...........
.......##..
......#....
.....#..#..
....#......
....#.#....
...........
...........

z=5, w=-2
...........
...........
...........
...........
......###..
...........
....#...#..
....#......
....#.#....
...........
...........

z=5, w=-1
....#......
......#....
......##...
...........
#....##....
....#.....#
.##.#......
..#........
...........
...........
.....#.....

z=5, w=0
....#......
......#....
......##...
.......##..
#.......##.
........###
.##.....##.
..##....#..
...#####...
....###....
.....#.....

z=5, w=1
....#......
......#....
......##...
...........
#....##....
....#.....#
.##.#......
..#........
...........
...........
.....#.....

z=5, w=2
...........
...........
...........
...........
......###..
...........
....#...#..
....#......
....#.#....
...........
...........

z=5, w=3
...........
...........
...........
...........
.......##..
......#....
.....#..#..
....#......
....#.#....
...........
...........

z=5, w=4
...........
...........
...........
...........
...........
...........
...........
...........
...........
...........
...........

z=5, w=5
...........
...........
...........
...........
...........
...........
...........
...........
...........
...........
...........

Universe age: 6
z=-6, w=-6
.............
.............
.............
.............
.............
.............
.............
.............
.............
.............
.............
.............
.............

z=-6, w=-5
.............
.............
.............
.............
.............
.............
.............
.............
.............
.............
.............
.............
.............

z=-6, w=-4
.............
.............
.............
.............
.............
........#....
.......#.#...
......#......
.....#.......
......#......
.............
.............
.............

z=-6, w=-3
.............
.............
.............
.............
.......#.....
.............
.............
....#...#....
.......#.....
.............
.............
.............
.............

z=-6, w=-2
.............
.............
......###....
.......##....
.............
..........#..
..#..........
..##....#.#..
..##...#.....
.............
.....#.#.....
.............
.............

z=-6, w=-1
.............
.............
.............
.............
.............
.............
.............
.............
.............
.............
.............
.............
.............

z=-6, w=0
....###......
....##.##....
....##...#...
.............
###.......#..
###.........#
#...........#
.#......#...#
.#.....#..#..
..#..........
....#...#....
.............
.....###.....

z=-6, w=1
.............
.............
.............
.............
.............
.............
.............
.............
.............
.............
.............
.............
.............

z=-6, w=2
.............
.............
......###....
.......##....
.............
..........#..
..#..........
..##....#.#..
..##...#.....
.............
.....#.#.....
.............
.............

z=-6, w=3
.............
.............
.............
.............
.......#.....
.............
.............
....#...#....
.......#.....
.............
.............
.............
.............

z=-6, w=4
.............
.............
.............
.............
.............
........#....
.......#.#...
......#......
.....#.......
......#......
.............
.............
.............

z=-6, w=5
.............
.............
.............
.............
.............
.............
.............
.............
.............
.............
.............
.............
.............

z=-6, w=6
.............
.............
.............
.............
.............
.............
.............
.............
.............
.............
.............
.............
.............

z=-5, w=-6
.............
.............
.............
.............
.............
.............
.............
.............
.............
.............
.............
.............
.............

z=-5, w=-5
.............
.............
.............
.............
.............
.............
.............
.............
.............
.............
.............
.............
.............

z=-5, w=-4
.............
.............
.............
.............
.............
.............
.............
.............
.............
.............
.............
.............
.............

z=-5, w=-3
.............
.............
.............
.............
.............
.............
.............
.............
.............
.............
.............
.............
.............

z=-5, w=-2
.............
.............
.............
.............
.............
.............
.............
.............
.............
.............
.............
.............
.............

z=-5, w=-1
.............
.............
.............
.............
.............
.............
.............
.............
.............
.............
.............
.............
.............

z=-5, w=0
.............
.............
.............
.............
.............
.............
.............
.............
.............
.............
.............
.............
.............

z=-5, w=1
.............
.............
.............
.............
.............
.............
.............
.............
.............
.............
.............
.............
.............

z=-5, w=2
.............
.............
.............
.............
.............
.............
.............
.............
.............
.............
.............
.............
.............

z=-5, w=3
.............
.............
.............
.............
.............
.............
.............
.............
.............
.............
.............
.............
.............

z=-5, w=4
.............
.............
.............
.............
.............
.............
.............
.............
.............
.............
.............
.............
.............

z=-5, w=5
.............
.............
.............
.............
.............
.............
.............
.............
.............
.............
.............
.............
.............

z=-5, w=6
.............
.............
.............
.............
.............
.............
.............
.............
.............
.............
.............
.............
.............

z=-4, w=-6
.............
.............
.............
.............
.............
........#....
.......#.#...
......#......
.....#.......
......#......
.............
.............
.............

z=-4, w=-5
.............
.............
.............
.............
.............
.............
.............
.............
.............
.............
.............
.............
.............

z=-4, w=-4
.............
.............
.............
.............
.............
.............
.............
.............
.............
.............
.............
.............
.............

z=-4, w=-3
.............
.............
.............
.............
......#......
.............
....#........
.............
.............
.............
.............
.............
.............

z=-4, w=-2
....###......
....##.##....
....##...#...
.........#...
###..........
###........##
#..........##
.#.........##
.#...........
..##.........
.............
.....###.....
.....###.....

z=-4, w=-1
.............
.............
.............
..........#..
...........#.
.............
.............
.............
...........#.
..........#..
...#.....#...
....#...#....
.............

z=-4, w=0
.............
.............
.............
..........#..
...........#.
.............
.............
.............
...........#.
..........#..
...#.....#...
....#...#....
.............

z=-4, w=1
.............
.............
.............
..........#..
...........#.
.............
.............
.............
...........#.
..........#..
...#.....#...
....#...#....
.............

z=-4, w=2
....###......
....##.##....
....##...#...
.........#...
###..........
###........##
#..........##
.#.........##
.#...........
..##.........
.............
.....###.....
.....###.....

z=-4, w=3
.............
.............
.............
.............
......#......
.............
....#........
.............
.............
.............
.............
.............
.............

z=-4, w=4
.............
.............
.............
.............
.............
.............
.............
.............
.............
.............
.............
.............
.............

z=-4, w=5
.............
.............
.............
.............
.............
.............
.............
.............
.............
.............
.............
.............
.............

z=-4, w=6
.............
.............
.............
.............
.............
........#....
.......#.#...
......#......
.....#.......
......#......
.............
.............
.............

z=-3, w=-6
.............
.............
.............
.............
.......#.....
.............
.............
....#...#....
.......#.....
.............
.............
.............
.............

z=-3, w=-5
.............
.............
.............
.............
.............
.............
.............
.............
.............
.............
.............
.............
.............

z=-3, w=-4
.............
.............
.............
.............
......#......
.............
....#........
.............
.............
.............
.............
.............
.............

z=-3, w=-3
.............
.............
.............
.............
.............
.............
.............
.............
.............
.............
.............
.............
.............

z=-3, w=-2
.............
.............
.............
.............
.............
.............
.............
.............
.............
.............
.............
.............
.............

z=-3, w=-1
.............
.............
.............
.............
.............
.............
.............
.............
.............
.............
.............
.............
.............

z=-3, w=0
.............
.............
.............
.............
.............
.............
.............
.............
.............
.............
.............
.............
.............

z=-3, w=1
.............
.............
.............
.............
.............
.............
.............
.............
.............
.............
.............
.............
.............

z=-3, w=2
.............
.............
.............
.............
.............
.............
.............
.............
.............
.............
.............
.............
.............

z=-3, w=3
.............
.............
.............
.............
.............
.............
.............
.............
.............
.............
.............
.............
.............

z=-3, w=4
.............
.............
.............
.............
......#......
.............
....#........
.............
.............
.............
.............
.............
.............

z=-3, w=5
.............
.............
.............
.............
.............
.............
.............
.............
.............
.............
.............
.............
.............

z=-3, w=6
.............
.............
.............
.............
.......#.....
.............
.............
....#...#....
.......#.....
.............
.............
.............
.............

z=-2, w=-6
.............
.............
......###....
.......##....
.............
..........#..
..#..........
..##....#.#..
..##...#.....
.............
.....#.#.....
.............
.............

z=-2, w=-5
.............
.............
.............
.............
.............
.............
.............
.............
.............
.............
.............
.............
.............

z=-2, w=-4
....###......
....##.##....
....##...#...
.........#...
###..........
###........##
#..........##
.#.........##
.#...........
..##.........
.............
.....###.....
.....###.....

z=-2, w=-3
.............
.............
.............
.............
.............
.............
.............
.............
.............
.............
.............
.............
.............

z=-2, w=-2
.............
.............
.............
.............
.............
.............
.............
.............
.............
.............
.............
.............
.............

z=-2, w=-1
.............
.............
.............
.............
.............
.............
.............
.......#.....
.............
.............
.............
.............
.............

z=-2, w=0
....###......
....##.##....
....##...#...
.............
###.......#..
###.........#
#...........#
.#..........#
.#........#..
..#..........
....#...#....
.............
.....###.....

z=-2, w=1
.............
.............
.............
.............
.............
.............
.............
.......#.....
.............
.............
.............
.............
.............

z=-2, w=2
.............
.............
.............
.............
.............
.............
.............
.............
.............
.............
.............
.............
.............

z=-2, w=3
.............
.............
.............
.............
.............
.............
.............
.............
.............
.............
.............
.............
.............

z=-2, w=4
....###......
....##.##....
....##...#...
.........#...
###..........
###........##
#..........##
.#.........##
.#...........
..##.........
.............
.....###.....
.....###.....

z=-2, w=5
.............
.............
.............
.............
.............
.............
.............
.............
.............
.............
.............
.............
.............

z=-2, w=6
.............
.............
......###....
.......##....
.............
..........#..
..#..........
..##....#.#..
..##...#.....
.............
.....#.#.....
.............
.............

z=-1, w=-6
.............
.............
.............
.............
.............
.............
.............
.............
.............
.............
.............
.............
.............

z=-1, w=-5
.............
.............
.............
.............
.............
.............
.............
.............
.............
.............
.............
.............
.............

z=-1, w=-4
.............
.............
.............
..........#..
...........#.
.............
.............
.............
...........#.
..........#..
...#.....#...
....#...#....
.............

z=-1, w=-3
.............
.............
.............
.............
.............
.............
.............
.............
.............
.............
.............
.............
.............

z=-1, w=-2
.............
.............
.............
.............
.............
.............
.............
.......#.....
.............
.............
.............
.............
.............

z=-1, w=-1
.............
.............
.............
.............
.............
.............
.............
.............
.............
.............
.............
.............
.............

z=-1, w=0
.............
.............
.............
.............
.............
.............
.............
.............
.............
.............
.............
.............
.............

z=-1, w=1
.............
.............
.............
.............
.............
.............
.............
.............
.............
.............
.............
.............
.............

z=-1, w=2
.............
.............
.............
.............
.............
.............
.............
.......#.....
.............
.............
.............
.............
.............

z=-1, w=3
.............
.............
.............
.............
.............
.............
.............
.............
.............
.............
.............
.............
.............

z=-1, w=4
.............
.............
.............
..........#..
...........#.
.............
.............
.............
...........#.
..........#..
...#.....#...
....#...#....
.............

z=-1, w=5
.............
.............
.............
.............
.............
.............
.............
.............
.............
.............
.............
.............
.............

z=-1, w=6
.............
.............
.............
.............
.............
.............
.............
.............
.............
.............
.............
.............
.............

z=0, w=-6
....###......
....##.##....
....##...#...
.............
###.......#..
###.........#
#...........#
.#......#...#
.#.....#..#..
..#..........
....#...#....
.............
.....###.....

z=0, w=-5
.............
.............
.............
.............
.............
.............
.............
.............
.............
.............
.............
.............
.............

z=0, w=-4
.............
.............
.............
..........#..
...........#.
.............
.............
.............
...........#.
..........#..
...#.....#...
....#...#....
.............

z=0, w=-3
.............
.............
.............
.............
.............
.............
.............
.............
.............
.............
.............
.............
.............

z=0, w=-2
....###......
....##.##....
....##...#...
.............
###.......#..
###.........#
#...........#
.#..........#
.#........#..
..#..........
....#...#....
.............
.....###.....

z=0, w=-1
.............
.............
.............
.............
.............
.............
.............
.............
.............
.............
.............
.............
.............

z=0, w=0
.............
.............
.............
.............
.............
.............
.............
.............
.............
.............
.............
.............
.............

z=0, w=1
.............
.............
.............
.............
.............
.............
.............
.............
.............
.............
.............
.............
.............

z=0, w=2
....###......
....##.##....
....##...#...
.............
###.......#..
###.........#
#...........#
.#..........#
.#........#..
..#..........
....#...#....
.............
.....###.....

z=0, w=3
.............
.............
.............
.............
.............
.............
.............
.............
.............
.............
.............
.............
.............

z=0, w=4
.............
.............
.............
..........#..
...........#.
.............
.............
.............
...........#.
..........#..
...#.....#...
....#...#....
.............

z=0, w=5
.............
.............
.............
.............
.............
.............
.............
.............
.............
.............
.............
.............
.............

z=0, w=6
....###......
....##.##....
....##...#...
.............
###.......#..
###.........#
#...........#
.#......#...#
.#.....#..#..
..#..........
....#...#....
.............
.....###.....

z=1, w=-6
.............
.............
.............
.............
.............
.............
.............
.............
.............
.............
.............
.............
.............

z=1, w=-5
.............
.............
.............
.............
.............
.............
.............
.............
.............
.............
.............
.............
.............

z=1, w=-4
.............
.............
.............
..........#..
...........#.
.............
.............
.............
...........#.
..........#..
...#.....#...
....#...#....
.............

z=1, w=-3
.............
.............
.............
.............
.............
.............
.............
.............
.............
.............
.............
.............
.............

z=1, w=-2
.............
.............
.............
.............
.............
.............
.............
.......#.....
.............
.............
.............
.............
.............

z=1, w=-1
.............
.............
.............
.............
.............
.............
.............
.............
.............
.............
.............
.............
.............

z=1, w=0
.............
.............
.............
.............
.............
.............
.............
.............
.............
.............
.............
.............
.............

z=1, w=1
.............
.............
.............
.............
.............
.............
.............
.............
.............
.............
.............
.............
.............

z=1, w=2
.............
.............
.............
.............
.............
.............
.............
.......#.....
.............
.............
.............
.............
.............

z=1, w=3
.............
.............
.............
.............
.............
.............
.............
.............
.............
.............
.............
.............
.............

z=1, w=4
.............
.............
.............
..........#..
...........#.
.............
.............
.............
...........#.
..........#..
...#.....#...
....#...#....
.............

z=1, w=5
.............
.............
.............
.............
.............
.............
.............
.............
.............
.............
.............
.............
.............

z=1, w=6
.............
.............
.............
.............
.............
.............
.............
.............
.............
.............
.............
.............
.............

z=2, w=-6
.............
.............
......###....
.......##....
.............
..........#..
..#..........
..##....#.#..
..##...#.....
.............
.....#.#.....
.............
.............

z=2, w=-5
.............
.............
.............
.............
.............
.............
.............
.............
.............
.............
.............
.............
.............

z=2, w=-4
....###......
....##.##....
....##...#...
.........#...
###..........
###........##
#..........##
.#.........##
.#...........
..##.........
.............
.....###.....
.....###.....

z=2, w=-3
.............
.............
.............
.............
.............
.............
.............
.............
.............
.............
.............
.............
.............

z=2, w=-2
.............
.............
.............
.............
.............
.............
.............
.............
.............
.............
.............
.............
.............

z=2, w=-1
.............
.............
.............
.............
.............
.............
.............
.......#.....
.............
.............
.............
.............
.............

z=2, w=0
....###......
....##.##....
....##...#...
.............
###.......#..
###.........#
#...........#
.#..........#
.#........#..
..#..........
....#...#....
.............
.....###.....

z=2, w=1
.............
.............
.............
.............
.............
.............
.............
.......#.....
.............
.............
.............
.............
.............

z=2, w=2
.............
.............
.............
.............
.............
.............
.............
.............
.............
.............
.............
.............
.............

z=2, w=3
.............
.............
.............
.............
.............
.............
.............
.............
.............
.............
.............
.............
.............

z=2, w=4
....###......
....##.##....
....##...#...
.........#...
###..........
###........##
#..........##
.#.........##
.#...........
..##.........
.............
.....###.....
.....###.....

z=2, w=5
.............
.............
.............
.............
.............
.............
.............
.............
.............
.............
.............
.............
.............

z=2, w=6
.............
.............
......###....
.......##....
.............
..........#..
..#..........
..##....#.#..
..##...#.....
.............
.....#.#.....
.............
.............

z=3, w=-6
.............
.............
.............
.............
.......#.....
.............
.............
....#...#....
.......#.....
.............
.............
.............
.............

z=3, w=-5
.............
.............
.............
.............
.............
.............
.............
.............
.............
.............
.............
.............
.............

z=3, w=-4
.............
.............
.............
.............
......#......
.............
....#........
.............
.............
.............
.............
.............
.............

z=3, w=-3
.............
.............
.............
.............
.............
.............
.............
.............
.............
.............
.............
.............
.............

z=3, w=-2
.............
.............
.............
.............
.............
.............
.............
.............
.............
.............
.............
.............
.............

z=3, w=-1
.............
.............
.............
.............
.............
.............
.............
.............
.............
.............
.............
.............
.............

z=3, w=0
.............
.............
.............
.............
.............
.............
.............
.............
.............
.............
.............
.............
.............

z=3, w=1
.............
.............
.............
.............
.............
.............
.............
.............
.............
.............
.............
.............
.............

z=3, w=2
.............
.............
.............
.............
.............
.............
.............
.............
.............
.............
.............
.............
.............

z=3, w=3
.............
.............
.............
.............
.............
.............
.............
.............
.............
.............
.............
.............
.............

z=3, w=4
.............
.............
.............
.............
......#......
.............
....#........
.............
.............
.............
.............
.............
.............

z=3, w=5
.............
.............
.............
.............
.............
.............
.............
.............
.............
.............
.............
.............
.............

z=3, w=6
.............
.............
.............
.............
.......#.....
.............
.............
....#...#....
.......#.....
.............
.............
.............
.............

z=4, w=-6
.............
.............
.............
.............
.............
........#....
.......#.#...
......#......
.....#.......
......#......
.............
.............
.............

z=4, w=-5
.............
.............
.............
.............
.............
.............
.............
.............
.............
.............
.............
.............
.............

z=4, w=-4
.............
.............
.............
.............
.............
.............
.............
.............
.............
.............
.............
.............
.............

z=4, w=-3
.............
.............
.............
.............
......#......
.............
....#........
.............
.............
.............
.............
.............
.............

z=4, w=-2
....###......
....##.##....
....##...#...
.........#...
###..........
###........##
#..........##
.#.........##
.#...........
..##.........
.............
.....###.....
.....###.....

z=4, w=-1
.............
.............
.............
..........#..
...........#.
.............
.............
.............
...........#.
..........#..
...#.....#...
....#...#....
.............

z=4, w=0
.............
.............
.............
..........#..
...........#.
.............
.............
.............
...........#.
..........#..
...#.....#...
....#...#....
.............

z=4, w=1
.............
.............
.............
..........#..
...........#.
.............
.............
.............
...........#.
..........#..
...#.....#...
....#...#....
.............

z=4, w=2
....###......
....##.##....
....##...#...
.........#...
###..........
###........##
#..........##
.#.........##
.#...........
..##.........
.............
.....###.....
.....###.....

z=4, w=3
.............
.............
.............
.............
......#......
.............
....#........
.............
.............
.............
.............
.............
.............

z=4, w=4
.............
.............
.............
.............
.............
.............
.............
.............
.............
.............
.............
.............
.............

z=4, w=5
.............
.............
.............
.............
.............
.............
.............
.............
.............
.............
.............
.............
.............

z=4, w=6
.............
.............
.............
.............
.............
........#....
.......#.#...
......#......
.....#.......
......#......
.............
.............
.............

z=5, w=-6
.............
.............
.............
.............
.............
.............
.............
.............
.............
.............
.............
.............
.............

z=5, w=-5
.............
.............
.............
.............
.............
.............
.............
.............
.............
.............
.............
.............
.............

z=5, w=-4
.............
.............
.............
.............
.............
.............
.............
.............
.............
.............
.............
.............
.............

z=5, w=-3
.............
.............
.............
.............
.............
.............
.............
.............
.............
.............
.............
.............
.............

z=5, w=-2
.............
.............
.............
.............
.............
.............
.............
.............
.............
.............
.............
.............
.............

z=5, w=-1
.............
.............
.............
.............
.............
.............
.............
.............
.............
.............
.............
.............
.............

z=5, w=0
.............
.............
.............
.............
.............
.............
.............
.............
.............
.............
.............
.............
.............

z=5, w=1
.............
.............
.............
.............
.............
.............
.............
.............
.............
.............
.............
.............
.............

z=5, w=2
.............
.............
.............
.............
.............
.............
.............
.............
.............
.............
.............
.............
.............

z=5, w=3
.............
.............
.............
.............
.............
.............
.............
.............
.............
.............
.............
.............
.............

z=5, w=4
.............
.............
.............
.............
.............
.............
.............
.............
.............
.............
.............
.............
.............

z=5, w=5
.............
.............
.............
.............
.............
.............
.............
.............
.............
.............
.............
.............
.............

z=5, w=6
.............
.............
.............
.............
.............
.............
.............
.............
.............
.............
.............
.............
.............

z=6, w=-6
.............
.............
.............
.............
.............
.............
.............
.............
.............
.............
.............
.............
.............

z=6, w=-5
.............
.............
.............
.............
.............
.............
.............
.............
.............
.............
.............
.............
.............

z=6, w=-4
.............
.............
.............
.............
.............
........#....
.......#.#...
......#......
.....#.......
......#......
.............
.............
.............

z=6, w=-3
.............
.............
.............
.............
.......#.....
.............
.............
....#...#....
.......#.....
.............
.............
.............
.............

z=6, w=-2
.............
.............
......###....
.......##....
.............
..........#..
..#..........
..##....#.#..
..##...#.....
.............
.....#.#.....
.............
.............

z=6, w=-1
.............
.............
.............
.............
.............
.............
.............
.............
.............
.............
.............
.............
.............

z=6, w=0
....###......
....##.##....
....##...#...
.............
###.......#..
###.........#
#...........#
.#......#...#
.#.....#..#..
..#..........
....#...#....
.............
.....###.....

z=6, w=1
.............
.............
.............
.............
.............
.............
.............
.............
.............
.............
.............
.............
.............

z=6, w=2
.............
.............
......###....
.......##....
.............
..........#..
..#..........
..##....#.#..
..##...#.....
.............
.....#.#.....
.............
.............

z=6, w=3
.............
.............
.............
.............
.......#.....
.............
.............
....#...#....
.......#.....
.............
.............
.............
.............

z=6, w=4
.............
.............
.............
.............
.............
........#....
.......#.#...
......#......
.....#.......
......#......
.............
.............
.............

z=6, w=5
.............
.............
.............
.............
.............
.............
.............
.............
.............
.............
.............
.............
.............

z=6, w=6
.............
.............
.............
.............
.............
.............
.............
.............
.............
.............
.............
.............
.............

848 cells at age 6

*** input/17.input ***
Dimensions: 4
1392 cells at age 6
