Product of corners tiles ids: 20899048083289
-------------------------------------
|           |           |           |
| x= 0 y= 0 | x= 1 y= 0 | x= 2 y= 0 |
|  2971 (0) |  1489 (0) |  1171 (2) |
|           |           |           |
-------------------------------------
|           |           |           |
| x= 0 y= 1 | x= 1 y= 1 | x= 2 y= 1 |
|  2729 (0) |  1427 (0) |  2473 (1) |
|           |           |           |
-------------------------------------
|           |           |           |
| x= 0 y= 2 | x= 1 y= 2 | x= 2 y= 2 |
|  1951 (0) |  2311 (0) |  3079 (4) |
|           |           |           |
-------------------------------------
Global reposition: 0
Global reposition: 1
SeeMonster 1 found at (2, 2): water roughness remaining 288
SeeMonster 2 found at (1, 16): water roughness remaining 273
{(0, 1), (11, 1), (17, 1), (12, 1), (18, 1), (1, 2), (19, 1), (6, 1), (18, 0), (5, 1), (4, 2), (16, 2), (7, 2), (13, 2), (10, 2)}
  0 .####...#####..#...###..
  1 #####..#..#.#.####..#.#.
  2 .#.#...#.###...#.##.O#..
  3 #.O.##.OO#.#.OO.##.OOO##
  4 ..#O.#O#.O##O..O.#O##.##
  5 ...#.#..##.##...#..#..##
  6 #.##.#..#.#..#..##.#.#..
  7 .###.##.....#...###.#...
  8 #.####.#.#....##.#..#.#.
  9 ##...#..#....#..#...####
 10 ..#.##...###..#.#####..#
 11 ....#.##.#.#####....#...
 12 ..##.##.###.....#.##..#.
 13 #...#...###..####....##.
 14 .#.##...#.##.#.#.###...#
 15 #.###.#..####...##..#...
 16 #.###...#.##...#.##O###.
 17 .O##.#OO.###OO##..OOO##.
 18 ..O#.O..O..O.#O##O##.###
 19 #.#..##.########..#..##.
 20 #.#####..#.#...##..#....
 21 #....##..#.#########..##
 22 #...#.....#..##...###.##
 23 #..###....##.#...##.##.#

                       # 
     #    ##    ##    ###
      #  #  #  #  #  #   

273
Global reposition: 2
Global reposition: 3
Global reposition: 4
Global reposition: 5
Global reposition: 6
Global reposition: 7
Product of corners tiles ids: 4006801655873
-------------------------------------------------------------------------------------------------------------------------------------------------
|           |           |           |           |           |           |           |           |           |           |           |           |
| x= 0 y= 0 | x= 1 y= 0 | x= 2 y= 0 | x= 3 y= 0 | x= 4 y= 0 | x= 5 y= 0 | x= 6 y= 0 | x= 7 y= 0 | x= 8 y= 0 | x= 9 y= 0 | x=10 y= 0 | x=11 y= 0 |
|  1327 (0) |  3109 (2) |  1669 (3) |  1801 (4) |  3229 (4) |  1607 (0) |  3779 (3) |  3929 (5) |  1499 (1) |  2861 (1) |  2857 (5) |  2753 (6) |
|           |           |           |           |           |           |           |           |           |           |           |           |
-------------------------------------------------------------------------------------------------------------------------------------------------
|           |           |           |           |           |           |           |           |           |           |           |           |
| x= 0 y= 1 | x= 1 y= 1 | x= 2 y= 1 | x= 3 y= 1 | x= 4 y= 1 | x= 5 y= 1 | x= 6 y= 1 | x= 7 y= 1 | x= 8 y= 1 | x= 9 y= 1 | x=10 y= 1 | x=11 y= 1 |
|  3907 (0) |  1429 (6) |  3691 (2) |  1879 (5) |  1597 (3) |  3539 (6) |  1601 (5) |  1931 (5) |  3169 (0) |  2179 (3) |  1783 (6) |  1063 (5) |
|           |           |           |           |           |           |           |           |           |           |           |           |
-------------------------------------------------------------------------------------------------------------------------------------------------
|           |           |           |           |           |           |           |           |           |           |           |           |
| x= 0 y= 2 | x= 1 y= 2 | x= 2 y= 2 | x= 3 y= 2 | x= 4 y= 2 | x= 5 y= 2 | x= 6 y= 2 | x= 7 y= 2 | x= 8 y= 2 | x= 9 y= 2 | x=10 y= 2 | x=11 y= 2 |
|  1033 (6) |  1217 (6) |  2671 (1) |  3343 (2) |  3583 (2) |  1013 (2) |  2129 (4) |  1933 (4) |  3359 (1) |  2357 (6) |  1511 (1) |  3881 (4) |
|           |           |           |           |           |           |           |           |           |           |           |           |
-------------------------------------------------------------------------------------------------------------------------------------------------
|           |           |           |           |           |           |           |           |           |           |           |           |
| x= 0 y= 3 | x= 1 y= 3 | x= 2 y= 3 | x= 3 y= 3 | x= 4 y= 3 | x= 5 y= 3 | x= 6 y= 3 | x= 7 y= 3 | x= 8 y= 3 | x= 9 y= 3 | x=10 y= 3 | x=11 y= 3 |
|  2477 (0) |  1559 (3) |  3851 (5) |  2309 (4) |  2797 (5) |  1487 (6) |  2341 (4) |  1493 (5) |  2851 (3) |  3947 (6) |  3463 (2) |  2503 (0) |
|           |           |           |           |           |           |           |           |           |           |           |           |
-------------------------------------------------------------------------------------------------------------------------------------------------
|           |           |           |           |           |           |           |           |           |           |           |           |
| x= 0 y= 4 | x= 1 y= 4 | x= 2 y= 4 | x= 3 y= 4 | x= 4 y= 4 | x= 5 y= 4 | x= 6 y= 4 | x= 7 y= 4 | x= 8 y= 4 | x= 9 y= 4 | x=10 y= 4 | x=11 y= 4 |
|  1697 (6) |  1109 (3) |  3761 (3) |  2039 (0) |  2111 (4) |  2819 (1) |  3637 (6) |  3299 (1) |  1427 (5) |  1483 (1) |  2939 (5) |  2713 (5) |
|           |           |           |           |           |           |           |           |           |           |           |           |
-------------------------------------------------------------------------------------------------------------------------------------------------
|           |           |           |           |           |           |           |           |           |           |           |           |
| x= 0 y= 5 | x= 1 y= 5 | x= 2 y= 5 | x= 3 y= 5 | x= 4 y= 5 | x= 5 y= 5 | x= 6 y= 5 | x= 7 y= 5 | x= 8 y= 5 | x= 9 y= 5 | x=10 y= 5 | x=11 y= 5 |
|  3467 (4) |  2609 (6) |  2017 (5) |  1213 (6) |  1187 (5) |  2887 (0) |  3067 (4) |  1949 (3) |  1973 (4) |  3163 (3) |  1433 (6) |  3719 (2) |
|           |           |           |           |           |           |           |           |           |           |           |           |
-------------------------------------------------------------------------------------------------------------------------------------------------
|           |           |           |           |           |           |           |           |           |           |           |           |
| x= 0 y= 6 | x= 1 y= 6 | x= 2 y= 6 | x= 3 y= 6 | x= 4 y= 6 | x= 5 y= 6 | x= 6 y= 6 | x= 7 y= 6 | x= 8 y= 6 | x= 9 y= 6 | x=10 y= 6 | x=11 y= 6 |
|  2069 (5) |  1229 (0) |  2729 (0) |  1321 (3) |  1303 (6) |  2251 (2) |  3793 (1) |  3697 (5) |  3361 (0) |  3659 (5) |  3389 (4) |  3631 (2) |
|           |           |           |           |           |           |           |           |           |           |           |           |
-------------------------------------------------------------------------------------------------------------------------------------------------
|           |           |           |           |           |           |           |           |           |           |           |           |
| x= 0 y= 7 | x= 1 y= 7 | x= 2 y= 7 | x= 3 y= 7 | x= 4 y= 7 | x= 5 y= 7 | x= 6 y= 7 | x= 7 y= 7 | x= 8 y= 7 | x= 9 y= 7 | x=10 y= 7 | x=11 y= 7 |
|  1283 (2) |  3571 (3) |  3221 (3) |  3557 (2) |  1103 (2) |  1373 (0) |  3917 (1) |  1657 (3) |  3319 (2) |  1051 (6) |  1249 (3) |  3833 (3) |
|           |           |           |           |           |           |           |           |           |           |           |           |
-------------------------------------------------------------------------------------------------------------------------------------------------
|           |           |           |           |           |           |           |           |           |           |           |           |
| x= 0 y= 8 | x= 1 y= 8 | x= 2 y= 8 | x= 3 y= 8 | x= 4 y= 8 | x= 5 y= 8 | x= 6 y= 8 | x= 7 y= 8 | x= 8 y= 8 | x= 9 y= 8 | x=10 y= 8 | x=11 y= 8 |
|  2693 (0) |  1279 (6) |  1951 (6) |  1553 (2) |  3023 (3) |  1877 (1) |  1297 (5) |  3371 (4) |  2711 (0) |  2551 (4) |  3461 (4) |  2237 (6) |
|           |           |           |           |           |           |           |           |           |           |           |           |
-------------------------------------------------------------------------------------------------------------------------------------------------
|           |           |           |           |           |           |           |           |           |           |           |           |
| x= 0 y= 9 | x= 1 y= 9 | x= 2 y= 9 | x= 3 y= 9 | x= 4 y= 9 | x= 5 y= 9 | x= 6 y= 9 | x= 7 y= 9 | x= 8 y= 9 | x= 9 y= 9 | x=10 y= 9 | x=11 y= 9 |
|  3607 (5) |  1307 (2) |  1201 (5) |  2333 (1) |  2099 (4) |  2207 (0) |  3823 (5) |  2707 (4) |  1409 (3) |  3301 (5) |  2971 (4) |  3041 (1) |
|           |           |           |           |           |           |           |           |           |           |           |           |
-------------------------------------------------------------------------------------------------------------------------------------------------
|           |           |           |           |           |           |           |           |           |           |           |           |
| x= 0 y=10 | x= 1 y=10 | x= 2 y=10 | x= 3 y=10 | x= 4 y=10 | x= 5 y=10 | x= 6 y=10 | x= 7 y=10 | x= 8 y=10 | x= 9 y=10 | x=10 y=10 | x=11 y=10 |
|  2789 (0) |  1747 (0) |  1223 (6) |  3613 (3) |  1583 (5) |  2063 (0) |  2087 (3) |  2423 (1) |  1789 (6) |  2371 (2) |  3499 (1) |  2719 (2) |
|           |           |           |           |           |           |           |           |           |           |           |           |
-------------------------------------------------------------------------------------------------------------------------------------------------
|           |           |           |           |           |           |           |           |           |           |           |           |
| x= 0 y=11 | x= 1 y=11 | x= 2 y=11 | x= 3 y=11 | x= 4 y=11 | x= 5 y=11 | x= 6 y=11 | x= 7 y=11 | x= 8 y=11 | x= 9 y=11 | x=10 y=11 | x=11 y=11 |
|  1009 (2) |  1567 (6) |  1361 (3) |  1129 (5) |  3253 (0) |  1289 (0) |  3967 (6) |  2243 (1) |  1459 (2) |  1693 (2) |  3407 (0) |  1087 (0) |
|           |           |           |           |           |           |           |           |           |           |           |           |
-------------------------------------------------------------------------------------------------------------------------------------------------
Global reposition: 0
Global reposition: 1
Global reposition: 2
Global reposition: 3
Global reposition: 4
Global reposition: 5
Global reposition: 6
Global reposition: 7
SeeMonster 1 found at (29, 3): water roughness remaining 2138
SeeMonster 2 found at (70, 4): water roughness remaining 2123
SeeMonster 3 found at (40, 12): water roughness remaining 2108
SeeMonster 4 found at (18, 14): water roughness remaining 2093
SeeMonster 5 found at (50, 20): water roughness remaining 2078
SeeMonster 6 found at (17, 21): water roughness remaining 2063
SeeMonster 7 found at (44, 26): water roughness remaining 2048
SeeMonster 8 found at (73, 26): water roughness remaining 2033
SeeMonster 9 found at (55, 34): water roughness remaining 2018
SeeMonster 10 found at (24, 45): water roughness remaining 2003
SeeMonster 11 found at (50, 53): water roughness remaining 1988
SeeMonster 12 found at (26, 59): water roughness remaining 1973
SeeMonster 13 found at (49, 59): water roughness remaining 1958
SeeMonster 14 found at (28, 65): water roughness remaining 1943
SeeMonster 15 found at (72, 66): water roughness remaining 1928
SeeMonster 16 found at (32, 73): water roughness remaining 1913
SeeMonster 17 found at (66, 75): water roughness remaining 1898
SeeMonster 18 found at (29, 81): water roughness remaining 1883
SeeMonster 19 found at (2, 83): water roughness remaining 1868
SeeMonster 20 found at (10, 88): water roughness remaining 1853
SeeMonster 21 found at (52, 88): water roughness remaining 1838
{(0, 1), (11, 1), (17, 1), (12, 1), (18, 1), (1, 2), (19, 1), (6, 1), (18, 0), (5, 1), (4, 2), (16, 2), (7, 2), (13, 2), (10, 2)}
  0 ....##..#....##..#......#...#...#............#..........#......#..............###...###......#..
  1 .....#.#......#.#..#...####.........##.......................#...#.#......#.#..#..#....#.#...#..
  2 .#.....#.........#.........#......##........#...#...........#.##...#.....###........#......#....
  3 ..#......#........#..#.#...#.............#...##O.##...#.......#....#.#.##..#.............#.#..##
  4 #.#......##.#..#..##........#O....OO#...OO...#OOO##.......#.....#..#......#...#........#O#.#..#.
  5 ....#.....#.....#.#...#.....#.O..O..O..O.#O..O.....#..##............#.O.#..OO....OO....OOO.###..
  6 ...#.......##.#.#.#..#...###.....#....#....#...#...##.#......#.....#.#.O..O.#O.#O#.O#.O......##.
  7 ..#...#.......##.......#........................##......##...........#..#................#.....#
  8 #.........#..#....#..#....#....#............#.#...........#..............###...#.............##.
  9 .##.#.#........###....###......#...#..#...#.##..........#.#.....#.....##.##.##........#...#.#...
 10 .#...#..##..##..........##..###............#....#......#..............#..#...##....#..........#.
 11 .#.#.....#......#.#.........#..#..........#...#..#..........#.......#..........#.##.......#.....
 12 ....####.....##...#.##.........#....#..#...#....#...#.....O....#.#.#......#...#.#...#...........
 13 .#...#.............#.##..#.###.......##.O...#OO#...OO.#..OOO.##......#.##...#..#......#....#....
 14 #..#...#.#......#.......#........##.O...#O..O..O..O.#O.#O....##...##.#.......##.#.##..###.......
 15 ..................O.#..OO....OO.#..OOO........#...##............#.............#.........#.......
 16 .#...#..#..........O..O..O..O#.O..O#......#.#.....#....#..#.#..#..#..#..#..##.....#.#....#......
 17 .#...#..........#.#.....#....#...##.......#.......##.........#...#.............###........#.#...
 18 ..#..........##....##.#...#.###...#..#.......##..#.......................#.#.........#..........
 19 ...#.##......###...##..#.#......##...####.#.....#.....#...#.#...#...#.....#..#......#...#.#.#..#
 20 #....#....#.......#.#.........##........#.#......#.........#.#..#...O...##.#.....#..............
 21 ...........#.#...........##..##....O..#......##.#.O....OO....OO##..OOO.#..#...#........#..##..#.
 22 ..........##...#.O#..#OO.#.#OO..#.OOO###.........##O..O..O..O..O..O#............###....#...#....
 23 ........#.#......#O..O..O..O..O#.O.......##.##.###..#.#.#..#.###.....#.##..#...........#...##...
 24 #.......#..........#.#.....#..#......#.#.#..#...#...##.......###..#.#.........#.........#.....#.
 25 ...#........##.....##.#........#...#........#............##........#.##......#..#......#...#..#.
 26 .......##........................#.#......#...#............##.O..#.#.....#..........#...#..O....
 27 .#......#...#.......##...#.#....#.........#.O..#.OO.#..OO..#.OOO.....#.##O....OO....OO....OOO.#.
 28 ....#...............#..#..#...##.......#...#.O.#O.#O..O#.O##O.#...##...#..O..O.#O..O..O..O......
 29 ...#...........#.##................#.........#.......#.........#..#.#....#.............#...##...
 30 #.....#...................#...#...#...#.#.....#...#....###.........#..#..........#..#.#.#.#.#..#
 31 ....#....#.#...#........#.........................##.#..##...#............#.....#..#..##.......#
 32 ...#.........#......#...#....#.....##.#..#....#.......#..#..#......#..............##............
 33 ..#..#......#...........#...#..#.#.#...###.....#.................#...........#......#...#....#..
 34 ...#.....#.#.#..#...###....#.........###.........#.........#...#....#..#.O##........#......#..#.
 35 #....##....#..........##...#.....#...#....#..#......##.O....OO....OO#...OOO#.....#...#.........#
 36 ..#...#....#....#.....#.#...##.#..................##.##.O.#O..O.#O..O.#O.#.............#........
 37 ......#..#.#...............#.###.#.#..............#.#.....#..#.#........#..#.....#.###..........
 38 .##.....#.#..#.............#...#.......##.#..#......#.......#..............#........#........#..
 39 ..#........#.....#......#...........................#.#.....#.....#.......#..........#.##.......
 40 .##......##.#.#....#.#..#............#..#..........#......##.....#..##.....#......#...##....##.#
 41 #.......#.....####..#.#.....#...#...#.#..............#.......#..#..#...............#..#....#...#
 42 .....#.........#.#.#....#....#....#..#............#.#.#.#...#................#..#.#..#..#.##..##
 43 ##......#.#.##.....#.....#.....#.......#......#.#......#....#..........###.#.......#.#......#...
 44 #...#...#...#..#....#.#...#.....#.......#......#.#...#....#.....#......................#..#.....
 45 ..........##.##..#.#....#...#...#...#.#.#.O#........#.................###.....#.....#.#........#
 46 ....###..........#.#....O#...OO##..OO....OOO...#.#.....#..........#...#.##...............#.#....
 47 ....#..#..##...#........#O..O..O#.O.#O..O.....#........##.....#...###.............#.........#.#.
 48 ..#......#.#...##............##....##......#..........................##....#...#.###.....#..#..
 49 .###................#..#.....####.......................#...#.........#...#.#..#......#.......#.
 50 .....###....#.#......#..#..#.##..#...##.#....#.......#.........#....#.#......##.........#.......
 51 .#...........#.#.###.#....#.....#......#......#........#...#.#......#..#...#.##.#.#.............
 52 ..#.#.........#......#.#..#.#.......................#......#....#........#.##......#..#..#..#.#.
 53 .#.##............#....................#.#.#............#.##........#O..............#....#..#..#.
 54 ....#...#..................#..##..#...#..........#O....OO....OO..##OOO.......#.....#......#.#...
 55 ....#.........##...#.#.....##..#....#..#.....#.....O.#O.#O..O#.O..O#.#........#.##.#...#.##.....
 56 .....##...#...............#...#...##.#..#...##.............####..###....##......##...#..........
 57 .......##.......##.#..#...##.......#.#...#...........##........#..##.#......##.#.....#....#.....
 58 ##..#..........#........#..#.#...................#.......#.....##....#.........#..#.....#..#....
 59 ...#.......#...............#.###......#....#O.....#..#.......#..#.#O##...#...#.##..#.#..........
 60 #......#.#..####.#.#.##...O.#.#OO.#..OO.#..OOO#..O.#..OO#...OO.#..OOO...........#........#...#..
 61 ...#..#.#.....#....#....##.O.#O..O..O#.O..O.......O..O#.O..O..O#.O..##....#..#...#.....#...##...
 62 ....#.......##......#...#....#...###..#..##........#.#.....##.#....#....#..##......#.###........
 63 #.#..#.....#.....#.....#.#..#.........#.#...#.............##.....#..........#......#.#......#...
 64 ............#.......#...#....#.#....#.....#..##....#.##...#...#...........#..#......#..........#
 65 .......#.#...#.##....#..##.....#........#..#..O..#...###.......#.....................#........#.
 66 ...##...........#.#..##.....O#.#.OO....OO....OOO.#..#....#......#....#....#.....##....#...O#....
 67 #.#..#...#.#..#....##.#.....#O..O.#O..O#.O..O.....#.........#....#...#..O.#..OO##..OO.#..OOO....
 68 .#.##..#....#.........##...##.....##..#...##......#....#..##..#.#...#.#..O..O..O..O..O..O..##...
 69 #....#.##......##.......#...#..#..............#....#............##..........#.#.#.......##....#.
 70 ........##........#..#...#..............####...#........##.#.#.#........#......#..........#.#...
 71 #.....#...#.......#.....#.#...#..###..........#.....#...#....#............#.#.#....#.........#..
 72 ............#.....#...........#..#........#.#....#....#.##.#.................#.....#............
 73 .......#......................#......##..........#O....#.##..#......#..........#....##.....#.#..
 74 .#..#.#..#.....#.#...#...#.#.##.O.#..OO#...OO#..#OOO...#.#..##...##............#..#......#.##...
 75 #......#.......##....###....#....O#.O#.O..O..O..O#..#.##...#...........#..#.....#.#.O..#..#..##.
 76 ...#.#......####....#......#..##..#....##....#........#.#....#....O.#..OO#...OO..#.OOO.#.#.#....
 77 .#....#.#.#.#...##..#.....#........#..#..#...........#............#O..O..O.#O.#O##O..#..........
 78 #...#........#.......#..#..#..#..#.#.......#......#...........#.##......#...#..........####.....
 79 ..#........#......#.....###...........###....#.........###....#...#....##...............#.......
 80 ##.##........#.....#.....##..#.......#................#........#.#.........#....#.##..#........#
 81 ....##.###.....#..#.#...##.#..............#....O.....#..#....#.....#.....#.......#.#..#.....#...
 82 #.........#.....#........##.#O....OO.#.#OO..#.OOO....#...#.###...........#..##.......##........#
 83 .#.#.#.......##...##O...#....#O..O..O#.O..O..O##..#.##...#.....#..........#...#.#.#..#..........
 84 ..O....OO..##OO....OOO.#...............##.....................##..#...............###.#.........
 85 ...O..O#.O.#O..O#.O#..#.#..#..#.#......#........................#.......#...#......#.........#..
 86 .#..##.#.........##....#.#...#.#.......#....##...#.......##...##......#...#........##....#......
 87 ..............#....#.....##.#..#.......#.#..#......#..##.#....#......#...........#..............
 88 .......#..##.#..###..#......O#.#......#...#.#.#......#.#....#.#.......O##...#..........#..##....
 89 ......#...O.#..OO....OO...#OOO.#.#....#.#.#.....##.#O.#..OO##.#OO..##OOO#..#...#....#.#.##...#..
 90 #.#........O..O..O..O..O..O...#......#..##...........O##O..O..O..O..O.###...#......##.#....#....
 91 .#.....#...........##.#...##....##........#.###...#...............#.....#.......#...............
 92 ......#..#...................#.#...#.........#.#..#....##.......#...#.........#.#....#.........#
 93 .#................#.....#...#....#...##..##...#....#.#...........#..#..........#.......#........
 94 ......#..#...#.....#....#...............................#.#.....#..#.....#....#....###.....#..#.
 95 ##..#........#...##.......#..................#.....#.......#.............#.....#...###.#......#.

                       # 
     #    ##    ##    ###
      #  #  #  #  #  #   

1838
