O........#.#.#.........#.#.....    0    0
...X......#...#.....#.....#....    3    1
#.....X.....#.....#.#........#.    6    2
......#..X......#.......#......    9    3
.#..........X.............#...#   12    4
............#..X#.......##...##   15    5
....#.....#..#....X............   18    6
.#..#.........#....#.X....#....   21    7
#.#...#...##..##.#..##..X....#.   24    8
.#.......#.#...#..........#O...   27    8
...#...#........##...#..#.....X   30    9
..O...............#..........#.    2    9
.....X.##..............#.......    5   10
........X....##..##....#.......    8   11
...#.....#.X#..........#...##..   11   12
.......#.#....X............#...   14   13
..............#..O...#......#..   17   13
#.......#...........X........##   20   14
.......#.......##......X.......   23   15
................#....##...X.#.#   26   16
#.......#....................X.   29   17
.X#.#..##..#..#.#.....#.....#..    1   18
#...X............#......##....#    4   19
.#....#X.#......#.#......#..#..    7   20
..........X........#.#.#.......   10   21
...#...#.....O....#..#....#....   13   21
..#.#...#...#...X#...##......#.   16   22
......#...#........X.......###.   19   23
....#...............#.X##...#.#   22   24
..................#.....#O.#.#.   25   24
.#...#..#..........#........X..   28   25
X..........##................##    0   26
...X.....#...#......#.#......#.    3   27
......X..........#.#......#..#.    6   28
..#......X.....................    9   29
............X.........##.......   12   30
......#.......#O.......#.......   15   30
#.#...#...........X.......#....   18   31
.#.#........#.#.#....X........#   21   32
#.....##........#.#.....X.#....   24   33
.#...#..........##...#.....X..#   27   34
.........#....###............#O   30   34
..X...#..............#.#.#.....    2   35
.....X.#.#..#.#.#.###......#.#.    5   36
.#.##...X.......###..#.........    8   37
.....##....X.##..#.##..#.......   11   38
..#...........X#......#..#.....   14   39
................#X...#.........   17   40
##..................O..#..#.###   20   40
...#..#....#...........X.......   23   41
.#.............##.#.....#.X....   26   42
.......#.#.#....##..#....#...X.   29   43
.O.##..#..........#....#.......    1   43
....X#......#.........#........    4   44
.##....X...........#.#.......#.    7   45
...#...#.#X.......#.#..........   10   46
..#.........#O##...........#...   13   46
....#.##........X.......#...##.   16   47
...................X..#..#...##   19   48
#...#......###..##.#..X##......   22   49
#.............#.#........X...#.   25   50
...#...#..#..#..............X..   28   51
X.....#..#...#...#......#.#..#.    0   52
...X#.............#........##.#    3   53
......X.#.........#.#....#...#.    6   54
........#X............#...#....    9   55
............X.#...#......#.....   12   56
...#...........X...#...........   15   57
.........#.#......X............   18   58
....#.............#..X.....#..#   21   59
#.....#...........#.....X.#.#.#   24   60
.............#.....##......X...   27   61
...................###.#......X   30   62
#.X#.....#...#..#..#...#....#..    2   63
.....O......#.....#....#.#.....    5   63
#....#..X..........#....#..#...    8   64
..........#X..................#   11   65
....#.......##X..#......###....   14   66
.......#...#.##.#X..#....##....   17   67
...##...............X.....#...#   20   68
#...........#...#......X..#..#.   23   69
..##....#.......#...#.....X....   26   70
.......##..............#.##..X.   29   71
.X......#..........#.......#...    1   72
....X#...................#.#..#    4   73
......#O...###................#    7   73
.#........X...........#........   10   74
.#.....##....X..##...........#.   13   75
##..............X#...#.......#.   16   76
......#..........#.O........##.   19   76
..#.....#.#.........##X#....#..   22   77
.............#......#....O.#...   25   77
..#.............#...........X#.   28   78
X.#...#........#..........##...    0   79
...X....#.....#.....#.....##...    3   80
......X........................    6   81
......#..X...#......#.....#....    9   82
......#....#X.....#....#.......   12   83
#.#......#.##..X...............   15   84
..........#.#.##..X#..#........   18   85
......#.#..#....###.#O.........   21   85
........................X....#.   24   86
#.#.............#....#.....X#.#   27   87
.#.#..........#.......#..#....X   30   88
..X...#......#..#..#...#.#...#.    2   89
...#.X#...###..................    5   90
........X.#...........#...#....    8   91
........#..O.......#....#......   11   91
#....#........X.......##.....#.   14   92
......###...##...X......#......   17   93
............#.......X.....##..#   20   94
....#..#.......##......X.......   23   95
#............##...........O....   26   95
...............#..#......#...X.   29   96
.X....##...#......#............    1   97
#...X................#.........    4   98
..#....X..#........##......#...    7   99
....#....#X#......##.#.......#.   10  100
......#.#..#.X..#....#..#......   13  101
....#..........#O.#..#.........   16  101
.#..#.......#......X........#..   19  102
.......#..#..#........O...#....   22  102
.............#...#....#..X.....   25  103
..............#.#.#.........X..   28  104
X.....##.......#....#..........    0  105
...X.....#......#..............    3  106
...##.X..#.#........#..##....#.    6  107
.......#.X.....##..#...........    9  108
.....#.#....X..................   12  109
.#......#.###..O...........##..   15  109
..#....#...#..#...X#...##....#.   18  110
..........##..#...#..X.........   21  111
..#............#........X.#...#   24  112
.........................#.X.#.   27  113
......#........#.#..#......##.X   30  114
#.X......#..#.........#........    2  115
.....X........#......#...#.#...    5  116
........X#....##....#.#........    8  117
....#....#.X...#...##....#..#..   11  118
#.............X.....#..........   14  119
#............##..X............#   17  120
..#.#......#........X..........   20  121
.#......#......#.#.##.#X.......   23  122
..#.....#..........#......X#...   26  123
...#......#...#.##....#.....#X.   29  124
.O....#......#...........#.#...    1  124
....X........#..#..#........#.#    4  125
....#..O......#.....#...#.#.#..    7  125
....#.....X##........#.........   10  126
.............X#........#.#.....   13  127
...#............X........#.#.#.   16  128
......#....#.......X.#.........   19  129
.....#................X........   22  130
.#....#..#.#.............X...#.   25  131
#..##...#............#......X..   28  132
O..#..#........................    0  132
.#.X...........#.......#.......    3  133
#....#X#............##.........    6  134
...##....X.#............##.....    9  135
.........###X......#........#..   12  136
.....#.......#.X...............   15  137
.......#...#.###..X....#...#..#   18  138
...#.....##..#....#..X.#...###.   21  139
.............#........#.X.#..#.   24  140
................#..........X#..   27  141
.......####..##..##........##.X   30  142
..X......#..#..#.#.##..........    2  143
#....X........#....#...###.#.#.    5  144
........X#........##.....#.....    8  145
...........X.#...........#....#   11  146
#.............X...........#....   14  147
...#.........#...X....#.....#..   17  148
..##......#...#.....O.........#   20  148
.............#.........X....#..   23  149
..#...........#..#........X.##.   26  150
.#.#......#.............##...X.   29  151
.X......#.....##.#..#..#.......    1  152
....X#......#..................    4  153
.#.#..#X............#....#....#    7  154
........#.O.##.............#..#   10  154
........#....X#.....#......###.   13  155
.........#....#.X..............   16  156
#.....#............O...........   19  156
.#..#....#.....#......X.###..#.   22  157
..........#...#....##....X..#..   25  158
...#.#.#...##..#..#......#..X.#   28  159
X............#.....#....#......    0  160
#.#X#...#.#......###..#....#..#    3  161
...#.#X#........#......#....#..    6  162
..#.##...X.........#.#.........    9  163
............X#.................   12  164
....#..........X.#.#.#.#....#..   15  165
...##.#...#.......X.......##..#   18  166
....##.#........#....X...#.....   21  167
.............#.#....#...X.....#   24  168
...#......................#X...   27  169
..#...#.....#.....#........#..X   30  170
..X..#.......#....#..##.....#..    2  171
..#..X.#.......................    5  172
.......#X..#....#....#..#......    8  173
....#......X#....#............#   11  174
.#...#..#..#.#X...#.#...#......   14  175
.....#......#....X.........#...   17  176
.##......##.........X....#.....   20  177
#...........#...##.....X......#   23  178
.....#.#.......#.........#O....   26  178
.........#..........#..####.#X.   29  179
.O..........#..#......#.#......    1  179
.#..O..........#........#.#....    4  179
......#O.....#...#..#....#####.    7  179
.........#X.#..##...###..#....#   10  180
....#.#....#.X..#.........#....   13  181
..#.............X...##...##....   16  182
........#..........X.##..#....#   19  183
.....#...#..##........X.#..#...   22  184
##..#.#.....#............X.....   25  185
.............#........##...#X..   28  186
X......####.....##.............    0  187
..#X.....##....###..#.#....#...    3  188
......X#.##.#...#..#.#..##.....    6  189
......#..O..............#......    9  189
#.....#.#...X......#.#....#....   12  190
....#.#........X..............#   15  191
##........#.......X#.#...##...#   18  192
..#..................X.#....#..   21  193
...........#..........#.X.....#   24  194
........##.#.....#......#..X..#   27  195
.....#....#..#.....#.........#X   30  196
#.X..#..#...#......#..........#    2  197
#...#X.....#..#.#.......#.##...    5  198
..#....#X...............#......    8  199
#..........X.#.........#.#....#   11  200
..............X......#....#....   14  201
.....#...........X...#...#...#.   17  202
...#......#....#....X..........   20  203
.#..........#.#....##..X#....#.   23  204
..............#.........#.X....   26  205
.......#.....#.....#...##....X.   29  206
#X.#.........#....#.....#.#....    1  207
....X..#......#................    4  208
......#X.....#.......##........    7  209
.....##...X........#...#...#...   10  210
..#...#...#..X..#.#......#..#..   13  211
....#...#.......X..............   16  212
....#..#.........##X........#..   19  213
....#.............##..X........   22  214
..........##.#.......##..X#....   25  215
#.##..................#.....X..   28  216
X........#........#.....#......    0  217
.#.O.#......#..................    3  217
#....#X.##......#...#.........#    6  218
......#.#X..##................#    9  219
............X.........##.......   12  220
..........####.X........#.....#   15  221
.##...#...#....#..X............   18  222
.#.##...#..#...#.....O#......##   21  222
.....#.#....#..###......X.#.#..   24  223
...#.......................X#..   27  224
......................#.......X   30  225
..X....#.........#..#.#.....#..    2  226
.#...O#..#....#...#............    5  226
........O.#...##.....#.#..#....    8  226
........#..X..#....#...#...#...   11  227
.....#......#.X................   14  228
.....#...........X...#.........   17  229
.....#...##..#.#....X..#.....#.   20  230
#.......#.............#X.......   23  231
................#....#.#..X....   26  232
.#..##...#.#........#......#.X.   29  233
.X.##..........#...............    1  234
....X#......#....#........#....    4  235
....#..X....#.##.#.............    7  236
.......#..X......##.#.....#....   10  237
.......#.....X.............#...   13  238
.....#....#.....O.#............   16  238
........#.#...##..#X..##.......   19  239
#.........##....##...#X........   22  240
........#..#.#..........#X#.#..   25  241
..........................#.X..   28  242
X.....#.......#..#........#....    0  243
...X#.....#.......#......#.....    3  244
.#.#..X...........#...........#    6  245
.....##..X........#...####.....    9  246
.#.#...##.#.X..#..#.#..#.......   12  247
..#.##.#...#.#.X...#..#........   15  248
............#.....O....#..#....   18  248
...............#..##.X.........   21  249
.............#.....#....X......   24  250
...##..##......##..........X...   27  251
..#.......#....#..........#...X   30  252
.#X................#.#.#.......    2  253
.....X#.....#..#.....#.........    5  254
......#.X.......#......#..#....    8  255
.....#.....X........#.......##.   11  256
......#.......X#......#...#...#   14  257
....#...........#X#.........#..   17  258
...#.....#.........#X........#.   20  259
..#.....#..............X.......   23  260
....#.......#...#....#....X..##   26  261
......#...........#..........O#   29  261
.X#......#......#.#.....#.##...    1  262
....X..##......#...#..#.#.###..    4  263
.......X.#....#......#..#......    7  264
..........X........#...........   10  265
#.##.........X.#.#...#...#.#...   13  266
.#......###.....X....#.#....#..   16  267
...................X#..#.......   19  268
....#..#..............X.#.....#   22  269
#..................#.....X.....   25  270
...........##.##.......#..#.X..   28  271
O.......#.#......#...........#.    0  271
#..X.......#...#...........#.#.    3  272
......X#...........#...........    6  273
.........X.#........#........#.    9  274
#......#....X.#.....#..#.......   12  275
............#..X.....##...#....   15  276
.#......#..#......X.........#..   18  277
.......#...#.........X.##.....#   21  278
........................X..#...   24  279
.###..............#.#..#...O...   27  279
.....#.........#.......#......X   30  280
..X#..##....#.....#.......#.#..    2  281
...##X.#..#.##............#....    5  282

Traversing map right 3 down 1 meet 282 trees

Traversing map right 1 down 1 meet 53 trees
Traversing map right 3 down 1 meet 282 trees
Traversing map right 5 down 1 meet 54 trees
Traversing map right 7 down 1 meet 54 trees
Traversing map right 1 down 2 meet 22 trees
The product of all these traversals is 958815792
