*** BREAKPOINT: PC=347 A=1584 ***
*** END OF PROGRAM: PC=621 A=920 ***
281 ['jmp', '-74'] => ['nop', '-74']
Finished bruteforce method with success in 20.094395ms

Reverse jumps table: {2: [1], 122: [4, 510, 598], 186: [7, 45, 99], 556: [11, 165], 575: [15, 162, 309], 19: [18], 476: [19], 212: [22, 333], 136: [26, 317], 543: [30, 185, 268, 571], 142: [32, 362, 440, 548], 86: [35, 410, 580], 196: [38, 40, 399], 74: [44], 59: [47, 73], 347: [51, 374, 573], 331: [55, 272, 327, 416, 423, 470], 278: [58, 206, 426, 603], 424: [61, 322, 555], 66: [62, 78, 352, 570], 237: [64, 169], 549: [65], 127: [69], 587: [75], 491: [76, 360], 566: [77], 519: [81], 387: [85, 303, 531], 394: [89, 130], 180: [91, 127, 145], 115: [96, 226, 249, 397], 219: [98, 253], 604: [104, 126, 192, 529, 542], 109: [108], 63: [109, 540], 594: [114, 150, 428, 524, 545, 593], 119: [118], 525: [119, 304, 338, 498], 77: [121, 386], 572: [125], 538: [133, 393], 528: [135], 456: [136, 328, 583], 227: [141, 465], 46: [143, 180], 494: [144, 396, 567], 300: [155, 574], 203: [157, 221, 586], 363: [166, 461], 31: [171], 411: [173], 568: [177, 179, 375, 501, 611], 184: [183], 287: [190], 323: [194], 174: [195, 236], 328: [198, 296], 201: [200], 105: [202, 513], 16: [204], 131: [207], 36: [211, 318], 462: [212, 245], 52: [215, 436, 482], 400: [216], 23: [218, 380, 455, 566], 381: [231, 518], 259: [240], 242: [241], 429: [242, 342, 537, 553], 511: [258, 403, 429], 339: [263], 532: [269, 432, 449], 417: [276], 433: [277], 207: [281, 490], 343: [286, 346, 475], 290: [289], 373: [291], 376: [297], 269: [299, 348, 378, 493], 301: [300], 308: [307], 612: [308], 166: [314], 321: [320], 216: [325], 502: [330, 445], 273: [341], 158: [343, 565, 615], 398: [354], 41: [359, 525], 362: [361], 360: [367], 170: [372, 412], 310: [382], 353: [388], 392: [391], 318: [398], 441: [400], 99: [405], 79: [420], 243: [451], 250: [459], 616: [471], 92: [478], 404: [487], 490: [489], 193: [492], 483: [505], 584: [523], 145: [527, 591], 151: [532], 534: [533], 540: [539], 545: [544], 305: [560], 563: [562], 8: [576, 578], 580: [579], 450: [585], 297: [607], 471: [612], 620: [619], 621: [620]} 

Reverse nops table:  {411: [6, 53], 99: [50], 237: [59], 207: [70], 532: [86], 594: [90, 146], 373: [94], 433: [117, 247], 331: [129, 266], 343: [160], 278: [225, 227, 246], 353: [232], 170: [235], 127: [254], 77: [260], 227: [264, 334], 528: [295, 494, 587], 511: [301], 8: [305], 122: [315, 572], 394: [324, 384], 243: [326], 131: [337], 300: [350], 604: [371, 395], 31: [376], 259: [385], 79: [392], 86: [427, 507], 525: [438, 606], 310: [442], 23: [452], 52: [458], 136: [464], 575: [473], 462: [496], 66: [502], 572: [568], 174: [597], 612: [614]} 

Finished reversed recursive search with success in 1.604557ms
621 [END OF PROGRAM]
  620 jmp +1
    619 jmp +1
    618 acc +0
    617 acc +13
    616 acc +25
      471 jmp +145
        612 jmp -141
          308 jmp +304
            307 jmp +1
            306 acc +35
            305 nop -297
              560 jmp -255
              559 acc -12
              558 acc +36
              557 acc -4
              556 acc +27
                11 jmp +545
                10 acc +11
                9 acc +24
                8 acc +43
                  576 jmp -568
                  575 acc +1
                    15 jmp +560
                    14 acc +24
                    13 acc -6
                    12 acc +26
                      11P nop +545 [CYCLE DETECTED]
                    162 jmp +413
                    161 acc +20
                    160 nop +183
                    159 acc +1
                    158 acc -6
                      343 jmp -185
                        286 jmp +57
                        285 acc +48
                        284 acc +35
                        283 acc +0
                        282 acc -1
                        281 nop -74
                        280 acc -11
                        279 acc +20
                        278 acc +3
                          58 jmp +220
                          57 acc +22
                          56 acc -1
                            55P nop +276
                            54P acc -3
                            53P nop +358
                            52P acc +46
                              215P jmp -163
                              214P acc +25
                              213P acc +4
                              436P jmp -384
                              435P acc +1
                              434P acc +40
                              433P acc +18
                                277P jmp +156
                              482P jmp -430
                              481P acc +6
                              480P acc +3
                              479P acc +7
                          206 jmp +72
                          205 acc +15
                            204P nop -188
                            203P acc -16
                              157P jmp +46
                              156P acc +1
                              221P jmp -18
                              220P acc +45
                              219P acc +20
                                98P jmp +121
                                97P acc +38
                                253P jmp -34
                                252P acc +19
                                251P acc +49
                                250P acc -3
                                  459P jmp -209
                                  458P nop -406
                                  457P acc -19
                                  456P acc +24
                                    136P jmp +320
                                      26P jmp +110
                                      25P acc +30
                                      24P acc -10
                                      23P acc -12
                                        218P jmp -195
                                        217P acc -17
                                        380P jmp -357
                                        379P acc +24
                                        455P jmp -432
                                        454P acc +19
                                        453P acc +0
                                        452P nop -429
                                        566P jmp -543
                                          77P jmp +489
                                            121P jmp -44
                                            120P acc -3
                                            386P jmp -309
                                            385P nop -126
                                            384P nop +10
                                            383P acc -15
                                      317P jmp -181
                                      316P acc -9
                                      315P nop -193
                                    328P jmp +128
                                      198P jmp +130
                                      197P acc -9
                                      196P acc +39
                                        38P jmp +158
                                        37P acc +23
                                        36P acc +42
                                          211P jmp -175
                                          210P acc +13
                                          209P acc +33
                                          208P acc -2
                                          318P jmp -282
                                            398P jmp -80
                                              354P jmp +44
                                              353P acc +39
                                                388P jmp -35
                                                387P acc +2
                                                  85P jmp +302
                                                  84P acc +47
                                                  83P acc +31
                                                  82P acc +4
                                                  303P jmp +84
                                                  302P acc -18
                                                  301P nop +210
                                                    300P jmp +1
                                                      155P jmp +145
                                                      154P acc +44
                                                      153P acc -15
                                                      152P acc +42
                                                      151P acc +11
                                                        532P jmp -381
                                                          269P jmp +263
                                                            299P jmp -30
                                                            298P acc +27
                                                            348P jmp -79
                                                            347P acc +40
                                                              51P jmp +296
                                                              50P nop +49
                                                              49P acc +4
                                                              48P acc +5
                                                              374P jmp -27
                                                              373P acc +38
                                                                291P jmp +82
                                                                290P acc -2
                                                                  289P jmp +1
                                                                  288P acc +27
                                                                  287P acc -16
                                                                    190P jmp +97
                                                                    189P acc +16
                                                                    188P acc -12
                                                                    187P acc +2
                                                                    186P acc +39
                                                                      7P jmp +179
                                                                      6P nop +405
                                                                      5P acc +8
                                                                      45P jmp +141
                                                                      99P jmp +87
                                                                        405P jmp -306
                                                                        404P acc +15
                                                                          487P jmp -83
                                                                          486P acc +0
                                                                          485P acc +40
                                                                          484P acc +28
                                                                          483P acc +32
                                                                            505P jmp -22
                                                                            504P acc +3
                                                                            503P acc -15
                                                                            502P nop -436
                                                                              330P jmp +172
                                                                              329P acc +34
                                                                              445P jmp +57
                                                                              444P acc +24
                                                                              443P acc +19
                                                                              442P nop -132
                                                                              441P acc +35
                                                                                400P jmp +41
                                                                                  216P jmp +184
                                                                                    325P jmp -109
                                                                                    324P nop +70
                                                                                    323P acc -17
                                                                                      194P jmp +129
                                                                                      193P acc +42
                                                                                        492P jmp -299
                                                                                        491P acc +11
                                                                                          76P jmp +415
                                                                                          360P jmp +131
                                                                                            367P jmp -7
                                                                                            366P acc +48
                                                                                            365P acc +35
                                                                                            364P acc +11
                                                                                            363P acc +22
                                                                                              166P jmp +197
                                                                                                314P jmp -148
                                                                                                313P acc +14
                                                                                                312P acc +16
                                                                                                311P acc +2
                                                                                                310P acc +26
                                                                                                  382P jmp -72
                                                                                                  381P acc +15
                                                                                                    231P jmp +150
                                                                                                    230P acc +46
                                                                                                    229P acc -16
                                                                                                    228P acc -15
                                                                                                    227P nop +51
                                                                                                      141P jmp +86
                                                                                                      140P acc +11
                                                                                                      139P acc -19
                                                                                                      138P acc +38
                                                                                                      137P acc +35
                                                                                                      465P jmp -238
                                                                                                      464P nop -328
                                                                                                      463P acc +30
                                                                                                      462P acc +33
                                                                                                        212P jmp +250
                                                                                                          22P jmp +190
                                                                                                          21P acc +7
                                                                                                          20P acc +36
                                                                                                          333P jmp -121
                                                                                                          332P acc +7
                                                                                                          331P acc +47
                                                                                                            55P jmp +276
                                                                                                            54P acc -3
                                                                                                            53P nop +358
                                                                                                            52P acc +46
                                                                                                              215P jmp -163
                                                                                                              214P acc +25
                                                                                                              213P acc +4
                                                                                                              436P jmp -384
                                                                                                              435P acc +1
                                                                                                              434P acc +40
                                                                                                              433P acc +18
                                                                                                                277P jmp +156
                                                                                                              482P jmp -430
                                                                                                              481P acc +6
                                                                                                              480P acc +3
                                                                                                              479P acc +7
                                                                                                            272P jmp +59
                                                                                                            271P acc +38
                                                                                                            270P acc +22
                                                                                                            327P jmp +4
                                                                                                            326P nop -83
                                                                                                            416P jmp -85
                                                                                                            415P acc +35
                                                                                                            414P acc +14
                                                                                                            413P acc -11
                                                                                                            423P jmp -92
                                                                                                            422P acc -15
                                                                                                            421P acc +21
                                                                                                            470P jmp -139
                                                                                                            469P acc -11
                                                                                                            468P acc -14
                                                                                                            467P acc +9
                                                                                                            466P acc +41
                                                                                                        245P jmp +217
                                                                                                        244P acc -2
                                                                                                        243P acc +6
                                                                                                          451P jmp -208
                                                                                                          450P acc +36
                                                                                                            585P jmp -135
                                                                                                            584P acc +32
                                                                                                              523P jmp +61
                                                                                                              522P acc +48
                                                                                                              521P acc +7
                                                                                                              520P acc +22
                                                                                                              519P acc +4
                                                                                                                81P jmp +438
                                                                                                                80P acc +31
                                                                                                                79P acc +34
                                                                                                                  420P jmp -341
                                                                                                                  419P acc +38
                                                                                                                  418P acc +24
                                                                                                                  417P acc -7
                                                                                                                    276P jmp +141
                                                                                                                    275P acc -7
                                                                                                                    274P acc +14
                                                                                                                    273P acc -10
                                                                                                                      341P jmp -68
                                                                                                                      340P acc +44
                                                                                                                      339P acc +35
                                                                                                                        263P jmp +76
                                                                                                                        262P acc +32
                                                                                                                        261P acc +6
                                                                                                                        260P nop -183
                                                                                                                        259P acc -18
                                                                                                                          240P jmp +19
                                                                                                                          239P acc -16
                                                                                                                          238P acc -7
                                                                                                                          237P acc +37
                                                                                                                            64P jmp +173
                                                                                                                            63P acc +2
                                                                                                                              109P jmp -46
                                                                                                                                108P jmp +1
                                                                                                                                107P acc +38
                                                                                                                                106P acc -1
                                                                                                                                105P acc +0
                                                                                                                                  202P jmp -97
                                                                                                                                  201P acc +5
                                                                                                                                    200P jmp +1
                                                                                                                                    199P acc +21
                                                                                                                                  513P jmp -408
                                                                                                                                  512P acc +13
                                                                                                                                  511P acc +30
                                                                                                                                    258P jmp +253
                                                                                                                                    257P acc +43
                                                                                                                                    256P acc -4
                                                                                                                                    255P acc +0
                                                                                                                                    254P nop -127
                                                                                                                                    403P jmp +108
                                                                                                                                    402P acc -1
                                                                                                                                    401P acc +33
                                                                                                                                    429P jmp +82
                                                                                                                                      242P jmp +187
                                                                                                                                        241P jmp +1
                                                                                                                                      342P jmp +87
                                                                                                                                      537P jmp -108
                                                                                                                                      536P acc +0
                                                                                                                                      535P acc +48
                                                                                                                                      534P acc +48
                                                                                                                                        533P jmp +1
                                                                                                                                      553P jmp -124
                                                                                                                                      552P acc +32
                                                                                                                                      551P acc -9
                                                                                                                                      550P acc +3
                                                                                                                                      549P acc +48
                                                                                                                                        65P jmp +484
                                                                                                                              540P jmp -477
                                                                                                                                539P jmp +1
                                                                                                                                538P acc +0
                                                                                                                                  133P jmp +405
                                                                                                                                  132P acc +16
                                                                                                                                  131P acc -17
                                                                                                                                    207P jmp -76
                                                                                                                                      281P nop -74 [CYCLE DETECTED]
                                                                                                                                      490P jmp -283
                                                                                                                                        489P jmp +1
                                                                                                                                        488P acc +0
                                                                                                                                  393P jmp +145
                                                                                                                                  392P nop -313
                                                                                                                                    391P jmp +1
                                                                                                                                    390P acc +31
                                                                                                                                    389P acc +7
                                                                                                                            169P jmp +68
                                                                                                                            168P acc +7
                                                                                                                            167P acc +27
                                                                                                    518P jmp -137
                                                                                                    517P acc +0
                                                                                                    516P acc +34
                                                                                                    515P acc -9
                                                                                                    514P acc -3
                                                                                              461P jmp -98
                                                                                              460P acc +19
                                                              573P jmp -226
                                                              572P nop -450
                                                                125P jmp +447
                                                                124P acc -3
                                                                123P acc -5
                                                                122P acc +21
                                                                  4P jmp +118
                                                                  3P acc +32
                                                                  2P acc +3
                                                                    1P jmp +1
                                                                    0P acc -9 [ENTRY POINT FOUND]
linePatched: {204} 

*** END OF PROGRAM: PC=621 A=721 ***
